  [1m[35m (0.3ms)[0m  [1m[34mSELECT sqlite_version(*)[0m
  ↳ bin/rails:9
  [1m[35m (15.6ms)[0m  [1m[35mCREATE TABLE "schema_migrations" ("version" varchar NOT NULL PRIMARY KEY)[0m
  ↳ bin/rails:9
  [1m[35m (7.4ms)[0m  [1m[35mCREATE TABLE "ar_internal_metadata" ("key" varchar NOT NULL PRIMARY KEY, "value" varchar, "created_at" datetime NOT NULL, "updated_at" datetime NOT NULL)[0m
  ↳ bin/rails:9
  [1m[35m (0.6ms)[0m  [1m[34mSELECT "schema_migrations"."version" FROM "schema_migrations" ORDER BY "schema_migrations"."version" ASC[0m
  ↳ bin/rails:9
Migrating to CreateApiV1Posts (20220706111349)
  [1m[35m (0.2ms)[0m  [1m[36mbegin transaction[0m
  ↳ bin/rails:9
  [1m[35m (1.2ms)[0m  [1m[35mCREATE TABLE "api_v1_posts" ("id" integer PRIMARY KEY AUTOINCREMENT NOT NULL, "title" varchar, "content" text, "created_at" datetime NOT NULL, "updated_at" datetime NOT NULL)[0m
  ↳ db/migrate/20220706111349_create_api_v1_posts.rb:3
  [1m[36mActiveRecord::SchemaMigration Create (0.7ms)[0m  [1m[32mINSERT INTO "schema_migrations" ("version") VALUES (?)[0m  [["version", "20220706111349"]]
  ↳ bin/rails:9
  [1m[35m (29.1ms)[0m  [1m[36mcommit transaction[0m
  ↳ bin/rails:9
  [1m[36mActiveRecord::InternalMetadata Load (0.7ms)[0m  [1m[34mSELECT  "ar_internal_metadata".* FROM "ar_internal_metadata" WHERE "ar_internal_metadata"."key" = ? LIMIT ?[0m  [["key", "environment"], ["LIMIT", 1]]
  ↳ bin/rails:9
  [1m[35m (0.2ms)[0m  [1m[36mbegin transaction[0m
  ↳ bin/rails:9
  [1m[36mActiveRecord::InternalMetadata Create (1.7ms)[0m  [1m[32mINSERT INTO "ar_internal_metadata" ("key", "value", "created_at", "updated_at") VALUES (?, ?, ?, ?)[0m  [["key", "environment"], ["value", "development"], ["created_at", "2022-07-06 11:13:55.926232"], ["updated_at", "2022-07-06 11:13:55.926232"]]
  ↳ bin/rails:9
  [1m[35m (6.2ms)[0m  [1m[36mcommit transaction[0m
  ↳ bin/rails:9
  [1m[35m (0.5ms)[0m  [1m[34mSELECT "schema_migrations"."version" FROM "schema_migrations" ORDER BY "schema_migrations"."version" ASC[0m
  ↳ bin/rails:9
Started GET "/" for ::1 at 2022-07-06 14:14:30 +0300
  [1m[35m (0.5ms)[0m  [1m[34mSELECT "schema_migrations"."version" FROM "schema_migrations" ORDER BY "schema_migrations"."version" ASC[0m
  ↳ vendor/bundle/ruby/2.7.0/gems/activerecord-5.2.8/lib/active_record/log_subscriber.rb:98
Processing by Rails::WelcomeController#index as HTML
  Rendering vendor/bundle/ruby/2.7.0/gems/railties-5.2.8/lib/rails/templates/rails/welcome/index.html.erb
  Rendered vendor/bundle/ruby/2.7.0/gems/railties-5.2.8/lib/rails/templates/rails/welcome/index.html.erb (8.1ms)
Completed 200 OK in 25ms (Views: 21.0ms | ActiveRecord: 0.0ms)


Started GET "/favicon.ico" for ::1 at 2022-07-06 14:14:32 +0300
  
ActionController::RoutingError (No route matches [GET] "/favicon.ico"):
  
vendor/bundle/ruby/2.7.0/gems/actionpack-5.2.8/lib/action_dispatch/middleware/debug_exceptions.rb:65:in `call'
vendor/bundle/ruby/2.7.0/gems/actionpack-5.2.8/lib/action_dispatch/middleware/show_exceptions.rb:33:in `call'
vendor/bundle/ruby/2.7.0/gems/railties-5.2.8/lib/rails/rack/logger.rb:38:in `call_app'
vendor/bundle/ruby/2.7.0/gems/railties-5.2.8/lib/rails/rack/logger.rb:26:in `block in call'
vendor/bundle/ruby/2.7.0/gems/activesupport-5.2.8/lib/active_support/tagged_logging.rb:71:in `block in tagged'
vendor/bundle/ruby/2.7.0/gems/activesupport-5.2.8/lib/active_support/tagged_logging.rb:28:in `tagged'
vendor/bundle/ruby/2.7.0/gems/activesupport-5.2.8/lib/active_support/tagged_logging.rb:71:in `tagged'
vendor/bundle/ruby/2.7.0/gems/railties-5.2.8/lib/rails/rack/logger.rb:26:in `call'
vendor/bundle/ruby/2.7.0/gems/actionpack-5.2.8/lib/action_dispatch/middleware/remote_ip.rb:81:in `call'
vendor/bundle/ruby/2.7.0/gems/actionpack-5.2.8/lib/action_dispatch/middleware/request_id.rb:27:in `call'
vendor/bundle/ruby/2.7.0/gems/rack-2.2.4/lib/rack/runtime.rb:22:in `call'
vendor/bundle/ruby/2.7.0/gems/activesupport-5.2.8/lib/active_support/cache/strategy/local_cache_middleware.rb:29:in `call'
vendor/bundle/ruby/2.7.0/gems/actionpack-5.2.8/lib/action_dispatch/middleware/executor.rb:14:in `call'
vendor/bundle/ruby/2.7.0/gems/actionpack-5.2.8/lib/action_dispatch/middleware/static.rb:127:in `call'
vendor/bundle/ruby/2.7.0/gems/rack-2.2.4/lib/rack/sendfile.rb:110:in `call'
vendor/bundle/ruby/2.7.0/gems/rack-cors-1.1.1/lib/rack/cors.rb:100:in `call'
vendor/bundle/ruby/2.7.0/gems/railties-5.2.8/lib/rails/engine.rb:524:in `call'
vendor/bundle/ruby/2.7.0/gems/puma-3.12.6/lib/puma/configuration.rb:227:in `call'
vendor/bundle/ruby/2.7.0/gems/puma-3.12.6/lib/puma/server.rb:706:in `handle_request'
vendor/bundle/ruby/2.7.0/gems/puma-3.12.6/lib/puma/server.rb:476:in `process_client'
vendor/bundle/ruby/2.7.0/gems/puma-3.12.6/lib/puma/server.rb:334:in `block in run'
vendor/bundle/ruby/2.7.0/gems/puma-3.12.6/lib/puma/thread_pool.rb:135:in `block in spawn_thread'
Started GET "/" for ::1 at 2022-07-06 14:14:43 +0300
Processing by Rails::WelcomeController#index as HTML
  Rendering vendor/bundle/ruby/2.7.0/gems/railties-5.2.8/lib/rails/templates/rails/welcome/index.html.erb
  Rendered vendor/bundle/ruby/2.7.0/gems/railties-5.2.8/lib/rails/templates/rails/welcome/index.html.erb (5.7ms)
Completed 200 OK in 10ms (Views: 7.9ms | ActiveRecord: 0.0ms)


Started GET "/Appi" for ::1 at 2022-07-06 14:14:59 +0300
  
ActionController::RoutingError (No route matches [GET] "/Appi"):
  
vendor/bundle/ruby/2.7.0/gems/actionpack-5.2.8/lib/action_dispatch/middleware/debug_exceptions.rb:65:in `call'
vendor/bundle/ruby/2.7.0/gems/actionpack-5.2.8/lib/action_dispatch/middleware/show_exceptions.rb:33:in `call'
vendor/bundle/ruby/2.7.0/gems/railties-5.2.8/lib/rails/rack/logger.rb:38:in `call_app'
vendor/bundle/ruby/2.7.0/gems/railties-5.2.8/lib/rails/rack/logger.rb:26:in `block in call'
vendor/bundle/ruby/2.7.0/gems/activesupport-5.2.8/lib/active_support/tagged_logging.rb:71:in `block in tagged'
vendor/bundle/ruby/2.7.0/gems/activesupport-5.2.8/lib/active_support/tagged_logging.rb:28:in `tagged'
vendor/bundle/ruby/2.7.0/gems/activesupport-5.2.8/lib/active_support/tagged_logging.rb:71:in `tagged'
vendor/bundle/ruby/2.7.0/gems/railties-5.2.8/lib/rails/rack/logger.rb:26:in `call'
vendor/bundle/ruby/2.7.0/gems/actionpack-5.2.8/lib/action_dispatch/middleware/remote_ip.rb:81:in `call'
vendor/bundle/ruby/2.7.0/gems/actionpack-5.2.8/lib/action_dispatch/middleware/request_id.rb:27:in `call'
vendor/bundle/ruby/2.7.0/gems/rack-2.2.4/lib/rack/runtime.rb:22:in `call'
vendor/bundle/ruby/2.7.0/gems/activesupport-5.2.8/lib/active_support/cache/strategy/local_cache_middleware.rb:29:in `call'
vendor/bundle/ruby/2.7.0/gems/actionpack-5.2.8/lib/action_dispatch/middleware/executor.rb:14:in `call'
vendor/bundle/ruby/2.7.0/gems/actionpack-5.2.8/lib/action_dispatch/middleware/static.rb:127:in `call'
vendor/bundle/ruby/2.7.0/gems/rack-2.2.4/lib/rack/sendfile.rb:110:in `call'
vendor/bundle/ruby/2.7.0/gems/rack-cors-1.1.1/lib/rack/cors.rb:100:in `call'
vendor/bundle/ruby/2.7.0/gems/railties-5.2.8/lib/rails/engine.rb:524:in `call'
vendor/bundle/ruby/2.7.0/gems/puma-3.12.6/lib/puma/configuration.rb:227:in `call'
vendor/bundle/ruby/2.7.0/gems/puma-3.12.6/lib/puma/server.rb:706:in `handle_request'
vendor/bundle/ruby/2.7.0/gems/puma-3.12.6/lib/puma/server.rb:476:in `process_client'
vendor/bundle/ruby/2.7.0/gems/puma-3.12.6/lib/puma/server.rb:334:in `block in run'
vendor/bundle/ruby/2.7.0/gems/puma-3.12.6/lib/puma/thread_pool.rb:135:in `block in spawn_thread'
Started GET "/V1" for ::1 at 2022-07-06 14:15:32 +0300
  
ActionController::RoutingError (No route matches [GET] "/V1"):
  
vendor/bundle/ruby/2.7.0/gems/actionpack-5.2.8/lib/action_dispatch/middleware/debug_exceptions.rb:65:in `call'
vendor/bundle/ruby/2.7.0/gems/actionpack-5.2.8/lib/action_dispatch/middleware/show_exceptions.rb:33:in `call'
vendor/bundle/ruby/2.7.0/gems/railties-5.2.8/lib/rails/rack/logger.rb:38:in `call_app'
vendor/bundle/ruby/2.7.0/gems/railties-5.2.8/lib/rails/rack/logger.rb:26:in `block in call'
vendor/bundle/ruby/2.7.0/gems/activesupport-5.2.8/lib/active_support/tagged_logging.rb:71:in `block in tagged'
vendor/bundle/ruby/2.7.0/gems/activesupport-5.2.8/lib/active_support/tagged_logging.rb:28:in `tagged'
vendor/bundle/ruby/2.7.0/gems/activesupport-5.2.8/lib/active_support/tagged_logging.rb:71:in `tagged'
vendor/bundle/ruby/2.7.0/gems/railties-5.2.8/lib/rails/rack/logger.rb:26:in `call'
vendor/bundle/ruby/2.7.0/gems/actionpack-5.2.8/lib/action_dispatch/middleware/remote_ip.rb:81:in `call'
vendor/bundle/ruby/2.7.0/gems/actionpack-5.2.8/lib/action_dispatch/middleware/request_id.rb:27:in `call'
vendor/bundle/ruby/2.7.0/gems/rack-2.2.4/lib/rack/runtime.rb:22:in `call'
vendor/bundle/ruby/2.7.0/gems/activesupport-5.2.8/lib/active_support/cache/strategy/local_cache_middleware.rb:29:in `call'
vendor/bundle/ruby/2.7.0/gems/actionpack-5.2.8/lib/action_dispatch/middleware/executor.rb:14:in `call'
vendor/bundle/ruby/2.7.0/gems/actionpack-5.2.8/lib/action_dispatch/middleware/static.rb:127:in `call'
vendor/bundle/ruby/2.7.0/gems/rack-2.2.4/lib/rack/sendfile.rb:110:in `call'
vendor/bundle/ruby/2.7.0/gems/rack-cors-1.1.1/lib/rack/cors.rb:100:in `call'
vendor/bundle/ruby/2.7.0/gems/railties-5.2.8/lib/rails/engine.rb:524:in `call'
vendor/bundle/ruby/2.7.0/gems/puma-3.12.6/lib/puma/configuration.rb:227:in `call'
vendor/bundle/ruby/2.7.0/gems/puma-3.12.6/lib/puma/server.rb:706:in `handle_request'
vendor/bundle/ruby/2.7.0/gems/puma-3.12.6/lib/puma/server.rb:476:in `process_client'
vendor/bundle/ruby/2.7.0/gems/puma-3.12.6/lib/puma/server.rb:334:in `block in run'
vendor/bundle/ruby/2.7.0/gems/puma-3.12.6/lib/puma/thread_pool.rb:135:in `block in spawn_thread'
Started GET "/Api" for ::1 at 2022-07-06 14:16:00 +0300
  
ActionController::RoutingError (No route matches [GET] "/Api"):
  
vendor/bundle/ruby/2.7.0/gems/actionpack-5.2.8/lib/action_dispatch/middleware/debug_exceptions.rb:65:in `call'
vendor/bundle/ruby/2.7.0/gems/actionpack-5.2.8/lib/action_dispatch/middleware/show_exceptions.rb:33:in `call'
vendor/bundle/ruby/2.7.0/gems/railties-5.2.8/lib/rails/rack/logger.rb:38:in `call_app'
vendor/bundle/ruby/2.7.0/gems/railties-5.2.8/lib/rails/rack/logger.rb:26:in `block in call'
vendor/bundle/ruby/2.7.0/gems/activesupport-5.2.8/lib/active_support/tagged_logging.rb:71:in `block in tagged'
vendor/bundle/ruby/2.7.0/gems/activesupport-5.2.8/lib/active_support/tagged_logging.rb:28:in `tagged'
vendor/bundle/ruby/2.7.0/gems/activesupport-5.2.8/lib/active_support/tagged_logging.rb:71:in `tagged'
vendor/bundle/ruby/2.7.0/gems/railties-5.2.8/lib/rails/rack/logger.rb:26:in `call'
vendor/bundle/ruby/2.7.0/gems/actionpack-5.2.8/lib/action_dispatch/middleware/remote_ip.rb:81:in `call'
vendor/bundle/ruby/2.7.0/gems/actionpack-5.2.8/lib/action_dispatch/middleware/request_id.rb:27:in `call'
vendor/bundle/ruby/2.7.0/gems/rack-2.2.4/lib/rack/runtime.rb:22:in `call'
vendor/bundle/ruby/2.7.0/gems/activesupport-5.2.8/lib/active_support/cache/strategy/local_cache_middleware.rb:29:in `call'
vendor/bundle/ruby/2.7.0/gems/actionpack-5.2.8/lib/action_dispatch/middleware/executor.rb:14:in `call'
vendor/bundle/ruby/2.7.0/gems/actionpack-5.2.8/lib/action_dispatch/middleware/static.rb:127:in `call'
vendor/bundle/ruby/2.7.0/gems/rack-2.2.4/lib/rack/sendfile.rb:110:in `call'
vendor/bundle/ruby/2.7.0/gems/rack-cors-1.1.1/lib/rack/cors.rb:100:in `call'
vendor/bundle/ruby/2.7.0/gems/railties-5.2.8/lib/rails/engine.rb:524:in `call'
vendor/bundle/ruby/2.7.0/gems/puma-3.12.6/lib/puma/configuration.rb:227:in `call'
vendor/bundle/ruby/2.7.0/gems/puma-3.12.6/lib/puma/server.rb:706:in `handle_request'
vendor/bundle/ruby/2.7.0/gems/puma-3.12.6/lib/puma/server.rb:476:in `process_client'
vendor/bundle/ruby/2.7.0/gems/puma-3.12.6/lib/puma/server.rb:334:in `block in run'
vendor/bundle/ruby/2.7.0/gems/puma-3.12.6/lib/puma/thread_pool.rb:135:in `block in spawn_thread'
Started GET "/app" for ::1 at 2022-07-06 14:16:09 +0300
  
ActionController::RoutingError (No route matches [GET] "/app"):
  
vendor/bundle/ruby/2.7.0/gems/actionpack-5.2.8/lib/action_dispatch/middleware/debug_exceptions.rb:65:in `call'
vendor/bundle/ruby/2.7.0/gems/actionpack-5.2.8/lib/action_dispatch/middleware/show_exceptions.rb:33:in `call'
vendor/bundle/ruby/2.7.0/gems/railties-5.2.8/lib/rails/rack/logger.rb:38:in `call_app'
vendor/bundle/ruby/2.7.0/gems/railties-5.2.8/lib/rails/rack/logger.rb:26:in `block in call'
vendor/bundle/ruby/2.7.0/gems/activesupport-5.2.8/lib/active_support/tagged_logging.rb:71:in `block in tagged'
vendor/bundle/ruby/2.7.0/gems/activesupport-5.2.8/lib/active_support/tagged_logging.rb:28:in `tagged'
vendor/bundle/ruby/2.7.0/gems/activesupport-5.2.8/lib/active_support/tagged_logging.rb:71:in `tagged'
vendor/bundle/ruby/2.7.0/gems/railties-5.2.8/lib/rails/rack/logger.rb:26:in `call'
vendor/bundle/ruby/2.7.0/gems/actionpack-5.2.8/lib/action_dispatch/middleware/remote_ip.rb:81:in `call'
vendor/bundle/ruby/2.7.0/gems/actionpack-5.2.8/lib/action_dispatch/middleware/request_id.rb:27:in `call'
vendor/bundle/ruby/2.7.0/gems/rack-2.2.4/lib/rack/runtime.rb:22:in `call'
vendor/bundle/ruby/2.7.0/gems/activesupport-5.2.8/lib/active_support/cache/strategy/local_cache_middleware.rb:29:in `call'
vendor/bundle/ruby/2.7.0/gems/actionpack-5.2.8/lib/action_dispatch/middleware/executor.rb:14:in `call'
vendor/bundle/ruby/2.7.0/gems/actionpack-5.2.8/lib/action_dispatch/middleware/static.rb:127:in `call'
vendor/bundle/ruby/2.7.0/gems/rack-2.2.4/lib/rack/sendfile.rb:110:in `call'
vendor/bundle/ruby/2.7.0/gems/rack-cors-1.1.1/lib/rack/cors.rb:100:in `call'
vendor/bundle/ruby/2.7.0/gems/railties-5.2.8/lib/rails/engine.rb:524:in `call'
vendor/bundle/ruby/2.7.0/gems/puma-3.12.6/lib/puma/configuration.rb:227:in `call'
vendor/bundle/ruby/2.7.0/gems/puma-3.12.6/lib/puma/server.rb:706:in `handle_request'
vendor/bundle/ruby/2.7.0/gems/puma-3.12.6/lib/puma/server.rb:476:in `process_client'
vendor/bundle/ruby/2.7.0/gems/puma-3.12.6/lib/puma/server.rb:334:in `block in run'
vendor/bundle/ruby/2.7.0/gems/puma-3.12.6/lib/puma/thread_pool.rb:135:in `block in spawn_thread'
  [1m[35m (0.5ms)[0m  [1m[34mSELECT "schema_migrations"."version" FROM "schema_migrations" ORDER BY "schema_migrations"."version" ASC[0m
  ↳ bin/rails:9
Migrating to DeviseCreateUsers (20220706111915)
  [1m[35m (0.2ms)[0m  [1m[36mbegin transaction[0m
  ↳ bin/rails:9
  [1m[35m (0.3ms)[0m  [1m[34mSELECT sqlite_version(*)[0m
  ↳ db/migrate/20220706111915_devise_create_users.rb:5
  [1m[35m (1.0ms)[0m  [1m[35mCREATE TABLE "users" ("id" integer PRIMARY KEY AUTOINCREMENT NOT NULL, "email" varchar DEFAULT '' NOT NULL, "encrypted_password" varchar DEFAULT '' NOT NULL, "reset_password_token" varchar, "reset_password_sent_at" datetime, "remember_created_at" datetime, "created_at" datetime NOT NULL, "updated_at" datetime NOT NULL)[0m
  ↳ db/migrate/20220706111915_devise_create_users.rb:5
  [1m[35m (0.7ms)[0m  [1m[35mCREATE UNIQUE INDEX "index_users_on_email" ON "users" ("email")[0m
  ↳ db/migrate/20220706111915_devise_create_users.rb:39
  [1m[35m (0.5ms)[0m  [1m[35mCREATE UNIQUE INDEX "index_users_on_reset_password_token" ON "users" ("reset_password_token")[0m
  ↳ db/migrate/20220706111915_devise_create_users.rb:40
  [1m[36mActiveRecord::SchemaMigration Create (0.6ms)[0m  [1m[32mINSERT INTO "schema_migrations" ("version") VALUES (?)[0m  [["version", "20220706111915"]]
  ↳ bin/rails:9
  [1m[35m (9.0ms)[0m  [1m[36mcommit transaction[0m
  ↳ bin/rails:9
  [1m[36mActiveRecord::InternalMetadata Load (1.0ms)[0m  [1m[34mSELECT  "ar_internal_metadata".* FROM "ar_internal_metadata" WHERE "ar_internal_metadata"."key" = ? LIMIT ?[0m  [["key", "environment"], ["LIMIT", 1]]
  ↳ bin/rails:9
  [1m[35m (0.2ms)[0m  [1m[36mbegin transaction[0m
  ↳ bin/rails:9
  [1m[35m (0.2ms)[0m  [1m[36mcommit transaction[0m
  ↳ bin/rails:9
  [1m[35m (0.6ms)[0m  [1m[34mSELECT "schema_migrations"."version" FROM "schema_migrations" ORDER BY "schema_migrations"."version" ASC[0m
  ↳ bin/rails:9
  [1m[35m (0.5ms)[0m  [1m[34mSELECT "schema_migrations"."version" FROM "schema_migrations" ORDER BY "schema_migrations"."version" ASC[0m
  ↳ bin/rails:9
Migrating to CreateJwtDenylist (20220706112153)
  [1m[35m (0.2ms)[0m  [1m[36mbegin transaction[0m
  ↳ bin/rails:9
  [1m[35m (0.3ms)[0m  [1m[34mSELECT sqlite_version(*)[0m
  ↳ db/migrate/20220706112153_create_jwt_denylist.rb:3
  [1m[35m (1.1ms)[0m  [1m[35mCREATE TABLE "jwt_denylist" ("id" integer PRIMARY KEY AUTOINCREMENT NOT NULL, "jti" varchar NOT NULL, "exp" datetime NOT NULL)[0m
  ↳ db/migrate/20220706112153_create_jwt_denylist.rb:3
  [1m[35m (0.5ms)[0m  [1m[35mCREATE  INDEX "index_jwt_denylist_on_jti" ON "jwt_denylist" ("jti")[0m
  ↳ db/migrate/20220706112153_create_jwt_denylist.rb:7
  [1m[36mActiveRecord::SchemaMigration Create (0.6ms)[0m  [1m[32mINSERT INTO "schema_migrations" ("version") VALUES (?)[0m  [["version", "20220706112153"]]
  ↳ bin/rails:9
  [1m[35m (8.6ms)[0m  [1m[36mcommit transaction[0m
  ↳ bin/rails:9
  [1m[36mActiveRecord::InternalMetadata Load (1.2ms)[0m  [1m[34mSELECT  "ar_internal_metadata".* FROM "ar_internal_metadata" WHERE "ar_internal_metadata"."key" = ? LIMIT ?[0m  [["key", "environment"], ["LIMIT", 1]]
  ↳ bin/rails:9
  [1m[35m (0.2ms)[0m  [1m[36mbegin transaction[0m
  ↳ bin/rails:9
  [1m[35m (0.1ms)[0m  [1m[36mcommit transaction[0m
  ↳ bin/rails:9
  [1m[35m (0.4ms)[0m  [1m[34mSELECT "schema_migrations"."version" FROM "schema_migrations" ORDER BY "schema_migrations"."version" ASC[0m
  ↳ bin/rails:9
Started GET "/app" for ::1 at 2022-07-06 14:57:21 +0300
  [1m[35m (0.5ms)[0m  [1m[34mSELECT "schema_migrations"."version" FROM "schema_migrations" ORDER BY "schema_migrations"."version" ASC[0m
  ↳ vendor/bundle/ruby/2.7.0/gems/activerecord-5.2.8/lib/active_record/log_subscriber.rb:98
  
ActionController::RoutingError (No route matches [GET] "/app"):
  
vendor/bundle/ruby/2.7.0/gems/actionpack-5.2.8/lib/action_dispatch/middleware/debug_exceptions.rb:65:in `call'
vendor/bundle/ruby/2.7.0/gems/actionpack-5.2.8/lib/action_dispatch/middleware/show_exceptions.rb:33:in `call'
vendor/bundle/ruby/2.7.0/gems/railties-5.2.8/lib/rails/rack/logger.rb:38:in `call_app'
vendor/bundle/ruby/2.7.0/gems/railties-5.2.8/lib/rails/rack/logger.rb:26:in `block in call'
vendor/bundle/ruby/2.7.0/gems/activesupport-5.2.8/lib/active_support/tagged_logging.rb:71:in `block in tagged'
vendor/bundle/ruby/2.7.0/gems/activesupport-5.2.8/lib/active_support/tagged_logging.rb:28:in `tagged'
vendor/bundle/ruby/2.7.0/gems/activesupport-5.2.8/lib/active_support/tagged_logging.rb:71:in `tagged'
vendor/bundle/ruby/2.7.0/gems/railties-5.2.8/lib/rails/rack/logger.rb:26:in `call'
vendor/bundle/ruby/2.7.0/gems/actionpack-5.2.8/lib/action_dispatch/middleware/remote_ip.rb:81:in `call'
vendor/bundle/ruby/2.7.0/gems/actionpack-5.2.8/lib/action_dispatch/middleware/request_id.rb:27:in `call'
vendor/bundle/ruby/2.7.0/gems/rack-2.2.4/lib/rack/runtime.rb:22:in `call'
vendor/bundle/ruby/2.7.0/gems/activesupport-5.2.8/lib/active_support/cache/strategy/local_cache_middleware.rb:29:in `call'
vendor/bundle/ruby/2.7.0/gems/actionpack-5.2.8/lib/action_dispatch/middleware/executor.rb:14:in `call'
vendor/bundle/ruby/2.7.0/gems/actionpack-5.2.8/lib/action_dispatch/middleware/static.rb:127:in `call'
vendor/bundle/ruby/2.7.0/gems/rack-2.2.4/lib/rack/sendfile.rb:110:in `call'
vendor/bundle/ruby/2.7.0/gems/rack-cors-1.1.1/lib/rack/cors.rb:100:in `call'
vendor/bundle/ruby/2.7.0/gems/railties-5.2.8/lib/rails/engine.rb:524:in `call'
vendor/bundle/ruby/2.7.0/gems/puma-3.12.6/lib/puma/configuration.rb:227:in `call'
vendor/bundle/ruby/2.7.0/gems/puma-3.12.6/lib/puma/server.rb:706:in `handle_request'
vendor/bundle/ruby/2.7.0/gems/puma-3.12.6/lib/puma/server.rb:476:in `process_client'
vendor/bundle/ruby/2.7.0/gems/puma-3.12.6/lib/puma/server.rb:334:in `block in run'
vendor/bundle/ruby/2.7.0/gems/puma-3.12.6/lib/puma/thread_pool.rb:135:in `block in spawn_thread'
Started GET "/" for ::1 at 2022-07-06 14:57:24 +0300
Processing by Rails::WelcomeController#index as HTML
  Rendering vendor/bundle/ruby/2.7.0/gems/railties-5.2.8/lib/rails/templates/rails/welcome/index.html.erb
  Rendered vendor/bundle/ruby/2.7.0/gems/railties-5.2.8/lib/rails/templates/rails/welcome/index.html.erb (5.7ms)
Completed 200 OK in 13ms (Views: 10.0ms | ActiveRecord: 0.0ms)


Started GET "/api/v1/posts" for 127.0.0.1 at 2022-07-06 14:58:51 +0300
Processing by Api::V1::PostsController#index as */*
  Parameters: {"post"=>{}}
Completed 401 Unauthorized in 9ms (ActiveRecord: 1.7ms)


Started POST "/users" for 127.0.0.1 at 2022-07-06 15:00:51 +0300
Processing by Users::RegistrationsController#create as */*
  Parameters: {"user"=>{"email"=>"myemail@email.com", "password"=>"[FILTERED]"}, "registration"=>{"user"=>{"email"=>"myemail@email.com", "password"=>"[FILTERED]"}}}
  [1m[35m (0.2ms)[0m  [1m[36mbegin transaction[0m
  ↳ vendor/bundle/ruby/2.7.0/gems/activerecord-5.2.8/lib/active_record/log_subscriber.rb:98
  [1m[36mUser Create (1.1ms)[0m  [1m[32mINSERT INTO "users" ("email", "encrypted_password", "created_at", "updated_at") VALUES (?, ?, ?, ?)[0m  [["email", "myemail@email.com"], ["encrypted_password", "$2a$12$BpRzaGKSIjB0vIn40W.Hoe7/96JPEFOUAlFe/WGSj3E/Or6JJM0LG"], ["created_at", "2022-07-06 12:00:52.156165"], ["updated_at", "2022-07-06 12:00:52.156165"]]
  ↳ vendor/bundle/ruby/2.7.0/gems/activerecord-5.2.8/lib/active_record/log_subscriber.rb:98
  [1m[35m (8.5ms)[0m  [1m[36mcommit transaction[0m
  ↳ vendor/bundle/ruby/2.7.0/gems/activerecord-5.2.8/lib/active_record/log_subscriber.rb:98
Completed 200 OK in 410ms (Views: 0.6ms | ActiveRecord: 12.6ms)


Started POST "/users/sign_in" for 127.0.0.1 at 2022-07-06 15:01:16 +0300
Processing by Users::SessionsController#create as */*
  Parameters: {"user"=>{"email"=>"myemail@email.com", "password"=>"[FILTERED]"}, "session"=>{"user"=>{"email"=>"myemail@email.com", "password"=>"[FILTERED]"}}}
  [1m[36mUser Load (0.7ms)[0m  [1m[34mSELECT  "users".* FROM "users" WHERE "users"."email" = ? ORDER BY "users"."id" ASC LIMIT ?[0m  [["email", "myemail@email.com"], ["LIMIT", 1]]
  ↳ vendor/bundle/ruby/2.7.0/gems/activerecord-5.2.8/lib/active_record/log_subscriber.rb:98
Completed 200 OK in 364ms (Views: 0.4ms | ActiveRecord: 0.7ms)


Started POST "/api/v1/posts" for 127.0.0.1 at 2022-07-06 15:02:20 +0300
Processing by Api::V1::PostsController#create as */*
  Parameters: {"api_v1_post"=>{"title"=>"Lorem", "content"=>"Lorem ipsum dolor"}, "post"=>{}}
Completed 401 Unauthorized in 1ms (ActiveRecord: 1.5ms)


Started GET "/api/v1/posts" for 127.0.0.1 at 2022-07-06 15:02:32 +0300
Processing by Api::V1::PostsController#index as */*
  Parameters: {"post"=>{}}
Completed 401 Unauthorized in 1ms (ActiveRecord: 0.0ms)


Started DELETE "/users/sign_out" for 127.0.0.1 at 2022-07-06 15:04:14 +0300
Processing by Users::SessionsController#destroy as */*
  Parameters: {"session"=>{}}
Filter chain halted as :verify_signed_out_user rendered or redirected
Completed 401 Unauthorized in 2ms (Views: 0.4ms | ActiveRecord: 0.0ms)


  
JWT::VerificationError (Signature verification failed):
  
vendor/bundle/ruby/2.7.0/gems/jwt-2.4.1/lib/jwt/decode.rb:49:in `verify_signature'
vendor/bundle/ruby/2.7.0/gems/jwt-2.4.1/lib/jwt/decode.rb:30:in `decode_segments'
vendor/bundle/ruby/2.7.0/gems/jwt-2.4.1/lib/jwt.rb:28:in `decode'
vendor/bundle/ruby/2.7.0/gems/warden-jwt_auth-0.6.0/lib/warden/jwt_auth/token_decoder.rb:17:in `call'
vendor/bundle/ruby/2.7.0/gems/warden-jwt_auth-0.6.0/lib/warden/jwt_auth/token_revoker.rb:13:in `call'
vendor/bundle/ruby/2.7.0/gems/warden-jwt_auth-0.6.0/lib/warden/jwt_auth/middleware/revocation_manager.rb:34:in `revoke_token'
vendor/bundle/ruby/2.7.0/gems/warden-jwt_auth-0.6.0/lib/warden/jwt_auth/middleware/revocation_manager.rb:22:in `call'
vendor/bundle/ruby/2.7.0/gems/rack-2.2.4/lib/rack/builder.rb:244:in `call'
vendor/bundle/ruby/2.7.0/gems/warden-jwt_auth-0.6.0/lib/warden/jwt_auth/middleware.rb:22:in `call'
vendor/bundle/ruby/2.7.0/gems/warden-1.2.9/lib/warden/manager.rb:36:in `block in call'
vendor/bundle/ruby/2.7.0/gems/warden-1.2.9/lib/warden/manager.rb:34:in `catch'
vendor/bundle/ruby/2.7.0/gems/warden-1.2.9/lib/warden/manager.rb:34:in `call'
vendor/bundle/ruby/2.7.0/gems/rack-2.2.4/lib/rack/etag.rb:27:in `call'
vendor/bundle/ruby/2.7.0/gems/rack-2.2.4/lib/rack/conditional_get.rb:40:in `call'
vendor/bundle/ruby/2.7.0/gems/rack-2.2.4/lib/rack/head.rb:12:in `call'
vendor/bundle/ruby/2.7.0/gems/activerecord-5.2.8/lib/active_record/migration.rb:559:in `call'
vendor/bundle/ruby/2.7.0/gems/actionpack-5.2.8/lib/action_dispatch/middleware/callbacks.rb:28:in `block in call'
vendor/bundle/ruby/2.7.0/gems/activesupport-5.2.8/lib/active_support/callbacks.rb:98:in `run_callbacks'
vendor/bundle/ruby/2.7.0/gems/actionpack-5.2.8/lib/action_dispatch/middleware/callbacks.rb:26:in `call'
vendor/bundle/ruby/2.7.0/gems/actionpack-5.2.8/lib/action_dispatch/middleware/executor.rb:14:in `call'
vendor/bundle/ruby/2.7.0/gems/actionpack-5.2.8/lib/action_dispatch/middleware/debug_exceptions.rb:61:in `call'
vendor/bundle/ruby/2.7.0/gems/actionpack-5.2.8/lib/action_dispatch/middleware/show_exceptions.rb:33:in `call'
vendor/bundle/ruby/2.7.0/gems/railties-5.2.8/lib/rails/rack/logger.rb:38:in `call_app'
vendor/bundle/ruby/2.7.0/gems/railties-5.2.8/lib/rails/rack/logger.rb:26:in `block in call'
vendor/bundle/ruby/2.7.0/gems/activesupport-5.2.8/lib/active_support/tagged_logging.rb:71:in `block in tagged'
vendor/bundle/ruby/2.7.0/gems/activesupport-5.2.8/lib/active_support/tagged_logging.rb:28:in `tagged'
vendor/bundle/ruby/2.7.0/gems/activesupport-5.2.8/lib/active_support/tagged_logging.rb:71:in `tagged'
vendor/bundle/ruby/2.7.0/gems/railties-5.2.8/lib/rails/rack/logger.rb:26:in `call'
vendor/bundle/ruby/2.7.0/gems/actionpack-5.2.8/lib/action_dispatch/middleware/remote_ip.rb:81:in `call'
vendor/bundle/ruby/2.7.0/gems/actionpack-5.2.8/lib/action_dispatch/middleware/request_id.rb:27:in `call'
vendor/bundle/ruby/2.7.0/gems/rack-2.2.4/lib/rack/runtime.rb:22:in `call'
vendor/bundle/ruby/2.7.0/gems/activesupport-5.2.8/lib/active_support/cache/strategy/local_cache_middleware.rb:29:in `call'
vendor/bundle/ruby/2.7.0/gems/actionpack-5.2.8/lib/action_dispatch/middleware/executor.rb:14:in `call'
vendor/bundle/ruby/2.7.0/gems/actionpack-5.2.8/lib/action_dispatch/middleware/static.rb:127:in `call'
vendor/bundle/ruby/2.7.0/gems/rack-2.2.4/lib/rack/sendfile.rb:110:in `call'
vendor/bundle/ruby/2.7.0/gems/rack-cors-1.1.1/lib/rack/cors.rb:100:in `call'
vendor/bundle/ruby/2.7.0/gems/railties-5.2.8/lib/rails/engine.rb:524:in `call'
vendor/bundle/ruby/2.7.0/gems/puma-3.12.6/lib/puma/configuration.rb:227:in `call'
vendor/bundle/ruby/2.7.0/gems/puma-3.12.6/lib/puma/server.rb:706:in `handle_request'
vendor/bundle/ruby/2.7.0/gems/puma-3.12.6/lib/puma/server.rb:476:in `process_client'
vendor/bundle/ruby/2.7.0/gems/puma-3.12.6/lib/puma/server.rb:334:in `block in run'
vendor/bundle/ruby/2.7.0/gems/puma-3.12.6/lib/puma/thread_pool.rb:135:in `block in spawn_thread'
Started GET "/api" for ::1 at 2022-07-06 15:04:58 +0300
  
ActionController::RoutingError (No route matches [GET] "/api"):
  
vendor/bundle/ruby/2.7.0/gems/actionpack-5.2.8/lib/action_dispatch/middleware/debug_exceptions.rb:65:in `call'
vendor/bundle/ruby/2.7.0/gems/actionpack-5.2.8/lib/action_dispatch/middleware/show_exceptions.rb:33:in `call'
vendor/bundle/ruby/2.7.0/gems/railties-5.2.8/lib/rails/rack/logger.rb:38:in `call_app'
vendor/bundle/ruby/2.7.0/gems/railties-5.2.8/lib/rails/rack/logger.rb:26:in `block in call'
vendor/bundle/ruby/2.7.0/gems/activesupport-5.2.8/lib/active_support/tagged_logging.rb:71:in `block in tagged'
vendor/bundle/ruby/2.7.0/gems/activesupport-5.2.8/lib/active_support/tagged_logging.rb:28:in `tagged'
vendor/bundle/ruby/2.7.0/gems/activesupport-5.2.8/lib/active_support/tagged_logging.rb:71:in `tagged'
vendor/bundle/ruby/2.7.0/gems/railties-5.2.8/lib/rails/rack/logger.rb:26:in `call'
vendor/bundle/ruby/2.7.0/gems/actionpack-5.2.8/lib/action_dispatch/middleware/remote_ip.rb:81:in `call'
vendor/bundle/ruby/2.7.0/gems/actionpack-5.2.8/lib/action_dispatch/middleware/request_id.rb:27:in `call'
vendor/bundle/ruby/2.7.0/gems/rack-2.2.4/lib/rack/runtime.rb:22:in `call'
vendor/bundle/ruby/2.7.0/gems/activesupport-5.2.8/lib/active_support/cache/strategy/local_cache_middleware.rb:29:in `call'
vendor/bundle/ruby/2.7.0/gems/actionpack-5.2.8/lib/action_dispatch/middleware/executor.rb:14:in `call'
vendor/bundle/ruby/2.7.0/gems/actionpack-5.2.8/lib/action_dispatch/middleware/static.rb:127:in `call'
vendor/bundle/ruby/2.7.0/gems/rack-2.2.4/lib/rack/sendfile.rb:110:in `call'
vendor/bundle/ruby/2.7.0/gems/rack-cors-1.1.1/lib/rack/cors.rb:100:in `call'
vendor/bundle/ruby/2.7.0/gems/railties-5.2.8/lib/rails/engine.rb:524:in `call'
vendor/bundle/ruby/2.7.0/gems/puma-3.12.6/lib/puma/configuration.rb:227:in `call'
vendor/bundle/ruby/2.7.0/gems/puma-3.12.6/lib/puma/server.rb:706:in `handle_request'
vendor/bundle/ruby/2.7.0/gems/puma-3.12.6/lib/puma/server.rb:476:in `process_client'
vendor/bundle/ruby/2.7.0/gems/puma-3.12.6/lib/puma/server.rb:334:in `block in run'
vendor/bundle/ruby/2.7.0/gems/puma-3.12.6/lib/puma/thread_pool.rb:135:in `block in spawn_thread'
Started GET "/api/v1" for ::1 at 2022-07-06 15:05:05 +0300
  
ActionController::RoutingError (No route matches [GET] "/api/v1"):
  
vendor/bundle/ruby/2.7.0/gems/actionpack-5.2.8/lib/action_dispatch/middleware/debug_exceptions.rb:65:in `call'
vendor/bundle/ruby/2.7.0/gems/actionpack-5.2.8/lib/action_dispatch/middleware/show_exceptions.rb:33:in `call'
vendor/bundle/ruby/2.7.0/gems/railties-5.2.8/lib/rails/rack/logger.rb:38:in `call_app'
vendor/bundle/ruby/2.7.0/gems/railties-5.2.8/lib/rails/rack/logger.rb:26:in `block in call'
vendor/bundle/ruby/2.7.0/gems/activesupport-5.2.8/lib/active_support/tagged_logging.rb:71:in `block in tagged'
vendor/bundle/ruby/2.7.0/gems/activesupport-5.2.8/lib/active_support/tagged_logging.rb:28:in `tagged'
vendor/bundle/ruby/2.7.0/gems/activesupport-5.2.8/lib/active_support/tagged_logging.rb:71:in `tagged'
vendor/bundle/ruby/2.7.0/gems/railties-5.2.8/lib/rails/rack/logger.rb:26:in `call'
vendor/bundle/ruby/2.7.0/gems/actionpack-5.2.8/lib/action_dispatch/middleware/remote_ip.rb:81:in `call'
vendor/bundle/ruby/2.7.0/gems/actionpack-5.2.8/lib/action_dispatch/middleware/request_id.rb:27:in `call'
vendor/bundle/ruby/2.7.0/gems/rack-2.2.4/lib/rack/runtime.rb:22:in `call'
vendor/bundle/ruby/2.7.0/gems/activesupport-5.2.8/lib/active_support/cache/strategy/local_cache_middleware.rb:29:in `call'
vendor/bundle/ruby/2.7.0/gems/actionpack-5.2.8/lib/action_dispatch/middleware/executor.rb:14:in `call'
vendor/bundle/ruby/2.7.0/gems/actionpack-5.2.8/lib/action_dispatch/middleware/static.rb:127:in `call'
vendor/bundle/ruby/2.7.0/gems/rack-2.2.4/lib/rack/sendfile.rb:110:in `call'
vendor/bundle/ruby/2.7.0/gems/rack-cors-1.1.1/lib/rack/cors.rb:100:in `call'
vendor/bundle/ruby/2.7.0/gems/railties-5.2.8/lib/rails/engine.rb:524:in `call'
vendor/bundle/ruby/2.7.0/gems/puma-3.12.6/lib/puma/configuration.rb:227:in `call'
vendor/bundle/ruby/2.7.0/gems/puma-3.12.6/lib/puma/server.rb:706:in `handle_request'
vendor/bundle/ruby/2.7.0/gems/puma-3.12.6/lib/puma/server.rb:476:in `process_client'
vendor/bundle/ruby/2.7.0/gems/puma-3.12.6/lib/puma/server.rb:334:in `block in run'
vendor/bundle/ruby/2.7.0/gems/puma-3.12.6/lib/puma/thread_pool.rb:135:in `block in spawn_thread'
Started GET "/api/v1/posts" for ::1 at 2022-07-06 15:05:11 +0300
Processing by Api::V1::PostsController#index as HTML
Completed 401 Unauthorized in 1ms (ActiveRecord: 0.0ms)


Started GET "/users/sign_in" for ::1 at 2022-07-06 15:05:11 +0300
Processing by Users::SessionsController#new as HTML
Completed 200 OK in 2ms (Views: 0.6ms | ActiveRecord: 0.0ms)


Started POST "/users" for ::1 at 2022-07-06 15:48:06 +0300
  [1m[35m (0.9ms)[0m  [1m[34mSELECT "schema_migrations"."version" FROM "schema_migrations" ORDER BY "schema_migrations"."version" ASC[0m
  ↳ vendor/bundle/ruby/2.7.0/gems/activerecord-5.2.8/lib/active_record/log_subscriber.rb:98
Processing by Users::RegistrationsController#create as */*
  Parameters: {"user"=>{"email"=>"myemail@email.com", "password"=>"[FILTERED]"}, "registration"=>{"user"=>{"email"=>"myemail@email.com", "password"=>"[FILTERED]"}}}
  [1m[35m (0.2ms)[0m  [1m[36mbegin transaction[0m
  ↳ vendor/bundle/ruby/2.7.0/gems/activerecord-5.2.8/lib/active_record/log_subscriber.rb:98
  [1m[36mUser Create (1.4ms)[0m  [1m[32mINSERT INTO "users" ("email", "encrypted_password", "created_at", "updated_at") VALUES (?, ?, ?, ?)[0m  [["email", "myemail@email.com"], ["encrypted_password", "$2a$12$5uwAUS2wRzmG5uqikBPAB.tjWT5LKZCLk6QtuqxgjFYUFUS7xFfd."], ["created_at", "2022-07-06 12:48:07.282764"], ["updated_at", "2022-07-06 12:48:07.282764"]]
  ↳ vendor/bundle/ruby/2.7.0/gems/activerecord-5.2.8/lib/active_record/log_subscriber.rb:98
  [1m[35m (0.2ms)[0m  [1m[31mrollback transaction[0m
  ↳ vendor/bundle/ruby/2.7.0/gems/activerecord-5.2.8/lib/active_record/log_subscriber.rb:98
Completed 500 Internal Server Error in 399ms (ActiveRecord: 4.5ms)


  
ActiveRecord::RecordNotUnique (SQLite3::ConstraintException: UNIQUE constraint failed: users.email: INSERT INTO "users" ("email", "encrypted_password", "created_at", "updated_at") VALUES (?, ?, ?, ?)):
  
vendor/bundle/ruby/2.7.0/gems/sqlite3-1.4.4/lib/sqlite3/statement.rb:108:in `step'
vendor/bundle/ruby/2.7.0/gems/sqlite3-1.4.4/lib/sqlite3/statement.rb:108:in `block in each'
vendor/bundle/ruby/2.7.0/gems/sqlite3-1.4.4/lib/sqlite3/statement.rb:107:in `loop'
vendor/bundle/ruby/2.7.0/gems/sqlite3-1.4.4/lib/sqlite3/statement.rb:107:in `each'
vendor/bundle/ruby/2.7.0/gems/activerecord-5.2.8/lib/active_record/connection_adapters/sqlite3_adapter.rb:222:in `to_a'
vendor/bundle/ruby/2.7.0/gems/activerecord-5.2.8/lib/active_record/connection_adapters/sqlite3_adapter.rb:222:in `block (2 levels) in exec_query'
vendor/bundle/ruby/2.7.0/gems/activesupport-5.2.8/lib/active_support/dependencies/interlock.rb:48:in `block in permit_concurrent_loads'
vendor/bundle/ruby/2.7.0/gems/activesupport-5.2.8/lib/active_support/concurrency/share_lock.rb:187:in `yield_shares'
vendor/bundle/ruby/2.7.0/gems/activesupport-5.2.8/lib/active_support/dependencies/interlock.rb:47:in `permit_concurrent_loads'
vendor/bundle/ruby/2.7.0/gems/activerecord-5.2.8/lib/active_record/connection_adapters/sqlite3_adapter.rb:213:in `block in exec_query'
vendor/bundle/ruby/2.7.0/gems/activerecord-5.2.8/lib/active_record/connection_adapters/abstract_adapter.rb:581:in `block (2 levels) in log'
vendor/bundle/ruby/2.7.0/gems/activesupport-5.2.8/lib/active_support/concurrency/load_interlock_aware_monitor.rb:26:in `block (2 levels) in synchronize'
vendor/bundle/ruby/2.7.0/gems/activesupport-5.2.8/lib/active_support/concurrency/load_interlock_aware_monitor.rb:25:in `handle_interrupt'
vendor/bundle/ruby/2.7.0/gems/activesupport-5.2.8/lib/active_support/concurrency/load_interlock_aware_monitor.rb:25:in `block in synchronize'
vendor/bundle/ruby/2.7.0/gems/activesupport-5.2.8/lib/active_support/concurrency/load_interlock_aware_monitor.rb:21:in `handle_interrupt'
vendor/bundle/ruby/2.7.0/gems/activesupport-5.2.8/lib/active_support/concurrency/load_interlock_aware_monitor.rb:21:in `synchronize'
vendor/bundle/ruby/2.7.0/gems/activerecord-5.2.8/lib/active_record/connection_adapters/abstract_adapter.rb:580:in `block in log'
vendor/bundle/ruby/2.7.0/gems/activesupport-5.2.8/lib/active_support/notifications/instrumenter.rb:23:in `instrument'
vendor/bundle/ruby/2.7.0/gems/activerecord-5.2.8/lib/active_record/connection_adapters/abstract_adapter.rb:571:in `log'
vendor/bundle/ruby/2.7.0/gems/activerecord-5.2.8/lib/active_record/connection_adapters/sqlite3_adapter.rb:212:in `exec_query'
vendor/bundle/ruby/2.7.0/gems/activerecord-5.2.8/lib/active_record/connection_adapters/abstract/database_statements.rb:130:in `exec_insert'
vendor/bundle/ruby/2.7.0/gems/activerecord-5.2.8/lib/active_record/connection_adapters/abstract/database_statements.rb:162:in `insert'
vendor/bundle/ruby/2.7.0/gems/activerecord-5.2.8/lib/active_record/connection_adapters/abstract/query_cache.rb:21:in `insert'
vendor/bundle/ruby/2.7.0/gems/activerecord-5.2.8/lib/active_record/persistence.rb:187:in `_insert_record'
vendor/bundle/ruby/2.7.0/gems/activerecord-5.2.8/lib/active_record/persistence.rb:734:in `_create_record'
vendor/bundle/ruby/2.7.0/gems/activerecord-5.2.8/lib/active_record/counter_cache.rb:184:in `_create_record'
vendor/bundle/ruby/2.7.0/gems/activerecord-5.2.8/lib/active_record/locking/optimistic.rb:70:in `_create_record'
vendor/bundle/ruby/2.7.0/gems/activerecord-5.2.8/lib/active_record/attribute_methods/dirty.rb:140:in `_create_record'
vendor/bundle/ruby/2.7.0/gems/activerecord-5.2.8/lib/active_record/callbacks.rb:346:in `block in _create_record'
vendor/bundle/ruby/2.7.0/gems/activesupport-5.2.8/lib/active_support/callbacks.rb:98:in `run_callbacks'
vendor/bundle/ruby/2.7.0/gems/activesupport-5.2.8/lib/active_support/callbacks.rb:816:in `_run_create_callbacks'
vendor/bundle/ruby/2.7.0/gems/activerecord-5.2.8/lib/active_record/callbacks.rb:346:in `_create_record'
vendor/bundle/ruby/2.7.0/gems/activerecord-5.2.8/lib/active_record/timestamp.rb:102:in `_create_record'
vendor/bundle/ruby/2.7.0/gems/activerecord-5.2.8/lib/active_record/persistence.rb:705:in `create_or_update'
vendor/bundle/ruby/2.7.0/gems/activerecord-5.2.8/lib/active_record/callbacks.rb:342:in `block in create_or_update'
vendor/bundle/ruby/2.7.0/gems/activesupport-5.2.8/lib/active_support/callbacks.rb:98:in `run_callbacks'
vendor/bundle/ruby/2.7.0/gems/activesupport-5.2.8/lib/active_support/callbacks.rb:816:in `_run_save_callbacks'
vendor/bundle/ruby/2.7.0/gems/activerecord-5.2.8/lib/active_record/callbacks.rb:342:in `create_or_update'
vendor/bundle/ruby/2.7.0/gems/activerecord-5.2.8/lib/active_record/persistence.rb:275:in `save'
vendor/bundle/ruby/2.7.0/gems/activerecord-5.2.8/lib/active_record/validations.rb:46:in `save'
vendor/bundle/ruby/2.7.0/gems/activerecord-5.2.8/lib/active_record/transactions.rb:310:in `block (2 levels) in save'
vendor/bundle/ruby/2.7.0/gems/activerecord-5.2.8/lib/active_record/transactions.rb:387:in `block in with_transaction_returning_status'
vendor/bundle/ruby/2.7.0/gems/activerecord-5.2.8/lib/active_record/connection_adapters/abstract/database_statements.rb:267:in `block in transaction'
vendor/bundle/ruby/2.7.0/gems/activerecord-5.2.8/lib/active_record/connection_adapters/abstract/transaction.rb:239:in `block in within_new_transaction'
vendor/bundle/ruby/2.7.0/gems/activesupport-5.2.8/lib/active_support/concurrency/load_interlock_aware_monitor.rb:26:in `block (2 levels) in synchronize'
vendor/bundle/ruby/2.7.0/gems/activesupport-5.2.8/lib/active_support/concurrency/load_interlock_aware_monitor.rb:25:in `handle_interrupt'
vendor/bundle/ruby/2.7.0/gems/activesupport-5.2.8/lib/active_support/concurrency/load_interlock_aware_monitor.rb:25:in `block in synchronize'
vendor/bundle/ruby/2.7.0/gems/activesupport-5.2.8/lib/active_support/concurrency/load_interlock_aware_monitor.rb:21:in `handle_interrupt'
vendor/bundle/ruby/2.7.0/gems/activesupport-5.2.8/lib/active_support/concurrency/load_interlock_aware_monitor.rb:21:in `synchronize'
vendor/bundle/ruby/2.7.0/gems/activerecord-5.2.8/lib/active_record/connection_adapters/abstract/transaction.rb:236:in `within_new_transaction'
vendor/bundle/ruby/2.7.0/gems/activerecord-5.2.8/lib/active_record/connection_adapters/abstract/database_statements.rb:267:in `transaction'
vendor/bundle/ruby/2.7.0/gems/activerecord-5.2.8/lib/active_record/transactions.rb:212:in `transaction'
vendor/bundle/ruby/2.7.0/gems/activerecord-5.2.8/lib/active_record/transactions.rb:385:in `with_transaction_returning_status'
vendor/bundle/ruby/2.7.0/gems/activerecord-5.2.8/lib/active_record/transactions.rb:310:in `block in save'
vendor/bundle/ruby/2.7.0/gems/activerecord-5.2.8/lib/active_record/transactions.rb:325:in `rollback_active_record_state!'
vendor/bundle/ruby/2.7.0/gems/activerecord-5.2.8/lib/active_record/transactions.rb:309:in `save'
vendor/bundle/ruby/2.7.0/gems/activerecord-5.2.8/lib/active_record/suppressor.rb:44:in `save'
vendor/bundle/ruby/2.7.0/gems/devise-4.8.1/app/controllers/devise/registrations_controller.rb:19:in `create'
vendor/bundle/ruby/2.7.0/gems/actionpack-5.2.8/lib/action_controller/metal/basic_implicit_render.rb:6:in `send_action'
vendor/bundle/ruby/2.7.0/gems/actionpack-5.2.8/lib/abstract_controller/base.rb:194:in `process_action'
vendor/bundle/ruby/2.7.0/gems/actionpack-5.2.8/lib/action_controller/metal/rendering.rb:30:in `process_action'
vendor/bundle/ruby/2.7.0/gems/actionpack-5.2.8/lib/abstract_controller/callbacks.rb:42:in `block in process_action'
vendor/bundle/ruby/2.7.0/gems/activesupport-5.2.8/lib/active_support/callbacks.rb:132:in `run_callbacks'
vendor/bundle/ruby/2.7.0/gems/actionpack-5.2.8/lib/abstract_controller/callbacks.rb:41:in `process_action'
vendor/bundle/ruby/2.7.0/gems/actionpack-5.2.8/lib/action_controller/metal/rescue.rb:22:in `process_action'
vendor/bundle/ruby/2.7.0/gems/actionpack-5.2.8/lib/action_controller/metal/instrumentation.rb:34:in `block in process_action'
vendor/bundle/ruby/2.7.0/gems/activesupport-5.2.8/lib/active_support/notifications.rb:168:in `block in instrument'
vendor/bundle/ruby/2.7.0/gems/activesupport-5.2.8/lib/active_support/notifications/instrumenter.rb:23:in `instrument'
vendor/bundle/ruby/2.7.0/gems/activesupport-5.2.8/lib/active_support/notifications.rb:168:in `instrument'
vendor/bundle/ruby/2.7.0/gems/actionpack-5.2.8/lib/action_controller/metal/instrumentation.rb:32:in `process_action'
vendor/bundle/ruby/2.7.0/gems/actionpack-5.2.8/lib/action_controller/metal/params_wrapper.rb:256:in `process_action'
vendor/bundle/ruby/2.7.0/gems/activerecord-5.2.8/lib/active_record/railties/controller_runtime.rb:24:in `process_action'
vendor/bundle/ruby/2.7.0/gems/actionpack-5.2.8/lib/abstract_controller/base.rb:134:in `process'
vendor/bundle/ruby/2.7.0/gems/actionpack-5.2.8/lib/action_controller/metal.rb:191:in `dispatch'
vendor/bundle/ruby/2.7.0/gems/actionpack-5.2.8/lib/action_controller/metal.rb:252:in `dispatch'
vendor/bundle/ruby/2.7.0/gems/actionpack-5.2.8/lib/action_dispatch/routing/route_set.rb:52:in `dispatch'
vendor/bundle/ruby/2.7.0/gems/actionpack-5.2.8/lib/action_dispatch/routing/route_set.rb:34:in `serve'
vendor/bundle/ruby/2.7.0/gems/actionpack-5.2.8/lib/action_dispatch/routing/mapper.rb:18:in `block in <class:Constraints>'
vendor/bundle/ruby/2.7.0/gems/actionpack-5.2.8/lib/action_dispatch/routing/mapper.rb:48:in `serve'
vendor/bundle/ruby/2.7.0/gems/actionpack-5.2.8/lib/action_dispatch/journey/router.rb:52:in `block in serve'
vendor/bundle/ruby/2.7.0/gems/actionpack-5.2.8/lib/action_dispatch/journey/router.rb:35:in `each'
vendor/bundle/ruby/2.7.0/gems/actionpack-5.2.8/lib/action_dispatch/journey/router.rb:35:in `serve'
vendor/bundle/ruby/2.7.0/gems/actionpack-5.2.8/lib/action_dispatch/routing/route_set.rb:840:in `call'
vendor/bundle/ruby/2.7.0/gems/warden-jwt_auth-0.6.0/lib/warden/jwt_auth/middleware/token_dispatcher.rb:20:in `call'
vendor/bundle/ruby/2.7.0/gems/warden-jwt_auth-0.6.0/lib/warden/jwt_auth/middleware/revocation_manager.rb:21:in `call'
vendor/bundle/ruby/2.7.0/gems/rack-2.2.4/lib/rack/builder.rb:244:in `call'
vendor/bundle/ruby/2.7.0/gems/warden-jwt_auth-0.6.0/lib/warden/jwt_auth/middleware.rb:22:in `call'
vendor/bundle/ruby/2.7.0/gems/warden-1.2.9/lib/warden/manager.rb:36:in `block in call'
vendor/bundle/ruby/2.7.0/gems/warden-1.2.9/lib/warden/manager.rb:34:in `catch'
vendor/bundle/ruby/2.7.0/gems/warden-1.2.9/lib/warden/manager.rb:34:in `call'
vendor/bundle/ruby/2.7.0/gems/rack-2.2.4/lib/rack/etag.rb:27:in `call'
vendor/bundle/ruby/2.7.0/gems/rack-2.2.4/lib/rack/conditional_get.rb:40:in `call'
vendor/bundle/ruby/2.7.0/gems/rack-2.2.4/lib/rack/head.rb:12:in `call'
vendor/bundle/ruby/2.7.0/gems/activerecord-5.2.8/lib/active_record/migration.rb:559:in `call'
vendor/bundle/ruby/2.7.0/gems/actionpack-5.2.8/lib/action_dispatch/middleware/callbacks.rb:28:in `block in call'
vendor/bundle/ruby/2.7.0/gems/activesupport-5.2.8/lib/active_support/callbacks.rb:98:in `run_callbacks'
vendor/bundle/ruby/2.7.0/gems/actionpack-5.2.8/lib/action_dispatch/middleware/callbacks.rb:26:in `call'
vendor/bundle/ruby/2.7.0/gems/actionpack-5.2.8/lib/action_dispatch/middleware/executor.rb:14:in `call'
vendor/bundle/ruby/2.7.0/gems/actionpack-5.2.8/lib/action_dispatch/middleware/debug_exceptions.rb:61:in `call'
vendor/bundle/ruby/2.7.0/gems/actionpack-5.2.8/lib/action_dispatch/middleware/show_exceptions.rb:33:in `call'
vendor/bundle/ruby/2.7.0/gems/railties-5.2.8/lib/rails/rack/logger.rb:38:in `call_app'
vendor/bundle/ruby/2.7.0/gems/railties-5.2.8/lib/rails/rack/logger.rb:26:in `block in call'
vendor/bundle/ruby/2.7.0/gems/activesupport-5.2.8/lib/active_support/tagged_logging.rb:71:in `block in tagged'
vendor/bundle/ruby/2.7.0/gems/activesupport-5.2.8/lib/active_support/tagged_logging.rb:28:in `tagged'
vendor/bundle/ruby/2.7.0/gems/activesupport-5.2.8/lib/active_support/tagged_logging.rb:71:in `tagged'
vendor/bundle/ruby/2.7.0/gems/railties-5.2.8/lib/rails/rack/logger.rb:26:in `call'
vendor/bundle/ruby/2.7.0/gems/actionpack-5.2.8/lib/action_dispatch/middleware/remote_ip.rb:81:in `call'
vendor/bundle/ruby/2.7.0/gems/actionpack-5.2.8/lib/action_dispatch/middleware/request_id.rb:27:in `call'
vendor/bundle/ruby/2.7.0/gems/rack-2.2.4/lib/rack/runtime.rb:22:in `call'
vendor/bundle/ruby/2.7.0/gems/activesupport-5.2.8/lib/active_support/cache/strategy/local_cache_middleware.rb:29:in `call'
vendor/bundle/ruby/2.7.0/gems/actionpack-5.2.8/lib/action_dispatch/middleware/executor.rb:14:in `call'
vendor/bundle/ruby/2.7.0/gems/actionpack-5.2.8/lib/action_dispatch/middleware/static.rb:127:in `call'
vendor/bundle/ruby/2.7.0/gems/rack-2.2.4/lib/rack/sendfile.rb:110:in `call'
vendor/bundle/ruby/2.7.0/gems/rack-cors-1.1.1/lib/rack/cors.rb:100:in `call'
vendor/bundle/ruby/2.7.0/gems/railties-5.2.8/lib/rails/engine.rb:524:in `call'
vendor/bundle/ruby/2.7.0/gems/puma-3.12.6/lib/puma/configuration.rb:227:in `call'
vendor/bundle/ruby/2.7.0/gems/puma-3.12.6/lib/puma/server.rb:706:in `handle_request'
vendor/bundle/ruby/2.7.0/gems/puma-3.12.6/lib/puma/server.rb:476:in `process_client'
vendor/bundle/ruby/2.7.0/gems/puma-3.12.6/lib/puma/server.rb:334:in `block in run'
vendor/bundle/ruby/2.7.0/gems/puma-3.12.6/lib/puma/thread_pool.rb:135:in `block in spawn_thread'
Started POST "/users/sign_in" for ::1 at 2022-07-06 15:50:32 +0300
Processing by Users::SessionsController#create as */*
  Parameters: {"user"=>{"email"=>"myemail@email.com", "password"=>"[FILTERED]"}, "session"=>{"user"=>{"email"=>"myemail@email.com", "password"=>"[FILTERED]"}}}
  [1m[36mUser Load (0.9ms)[0m  [1m[34mSELECT  "users".* FROM "users" WHERE "users"."email" = ? ORDER BY "users"."id" ASC LIMIT ?[0m  [["email", "myemail@email.com"], ["LIMIT", 1]]
  ↳ vendor/bundle/ruby/2.7.0/gems/activerecord-5.2.8/lib/active_record/log_subscriber.rb:98
Completed 200 OK in 496ms (Views: 0.8ms | ActiveRecord: 0.9ms)


Started POST "/users/sign_in" for ::1 at 2022-07-06 15:54:28 +0300
  [1m[35m (1.1ms)[0m  [1m[34mSELECT "schema_migrations"."version" FROM "schema_migrations" ORDER BY "schema_migrations"."version" ASC[0m
  ↳ vendor/bundle/ruby/2.7.0/gems/activerecord-5.2.8/lib/active_record/log_subscriber.rb:98
Processing by Users::SessionsController#create as */*
  Parameters: {"user"=>{"email"=>"myemail@email.com", "password"=>"[FILTERED]"}, "session"=>{"user"=>{"email"=>"myemail@email.com", "password"=>"[FILTERED]"}}}
  [1m[36mUser Load (1.1ms)[0m  [1m[34mSELECT  "users".* FROM "users" WHERE "users"."email" = ? ORDER BY "users"."id" ASC LIMIT ?[0m  [["email", "myemail@email.com"], ["LIMIT", 1]]
  ↳ vendor/bundle/ruby/2.7.0/gems/activerecord-5.2.8/lib/active_record/log_subscriber.rb:98
Completed 200 OK in 409ms (Views: 3.2ms | ActiveRecord: 3.9ms)


Started POST "/api/v1/posts" for ::1 at 2022-07-06 15:56:03 +0300
Processing by Api::V1::PostsController#create as */*
  Parameters: {"api_v1_post"=>{"title"=>"Lorem", "content"=>"Lorem ipsum dolor"}, "post"=>{}}
Completed 401 Unauthorized in 4ms (ActiveRecord: 4.0ms)


Started GET "/users/sign_in" for ::1 at 2022-07-06 15:56:03 +0300
Processing by Users::SessionsController#new as */*
Completed 200 OK in 12ms (Views: 0.5ms | ActiveRecord: 0.0ms)


Started GET "/api/v1/posts" for ::1 at 2022-07-06 15:56:26 +0300
Processing by Api::V1::PostsController#index as */*
  Parameters: {"api_v1_post"=>{"title"=>"Lorem", "content"=>"Lorem ipsum dolor"}, "post"=>{}}
Completed 401 Unauthorized in 1ms (ActiveRecord: 0.0ms)


Started GET "/users/sign_in" for ::1 at 2022-07-06 15:56:26 +0300
Processing by Users::SessionsController#new as */*
Completed 200 OK in 8ms (Views: 0.6ms | ActiveRecord: 0.0ms)


Started GET "/api/v1/posts" for ::1 at 2022-07-06 15:56:32 +0300
Processing by Api::V1::PostsController#index as */*
  Parameters: {"post"=>{}}
Completed 401 Unauthorized in 7ms (ActiveRecord: 0.0ms)


Started GET "/users/sign_in" for ::1 at 2022-07-06 15:56:32 +0300
Processing by Users::SessionsController#new as */*
Completed 200 OK in 4ms (Views: 0.4ms | ActiveRecord: 0.0ms)


Started GET "/api/v1/posts" for ::1 at 2022-07-06 15:57:15 +0300
Processing by Api::V1::PostsController#index as */*
  Parameters: {"post"=>{}}
Completed 401 Unauthorized in 1ms (ActiveRecord: 0.0ms)


Started GET "/users/sign_in" for ::1 at 2022-07-06 15:57:15 +0300
Processing by Users::SessionsController#new as */*
Completed 200 OK in 2ms (Views: 0.4ms | ActiveRecord: 0.0ms)


Started GET "/api/v1/posts" for ::1 at 2022-07-06 15:57:29 +0300
Processing by Api::V1::PostsController#index as */*
  Parameters: {"post"=>{}}
Completed 401 Unauthorized in 1ms (ActiveRecord: 0.0ms)


Started GET "/users/sign_in" for ::1 at 2022-07-06 15:57:29 +0300
Processing by Users::SessionsController#new as */*
Completed 200 OK in 8ms (Views: 0.4ms | ActiveRecord: 0.0ms)


Started POST "/api/v1/posts" for ::1 at 2022-07-06 15:58:01 +0300
Processing by Api::V1::PostsController#create as */*
  Parameters: {"api_v1_post"=>{"title"=>"Lorem", "content"=>"Lorem ipsum dolor"}, "post"=>{}}
Completed 401 Unauthorized in 1ms (ActiveRecord: 0.0ms)


Started GET "/users/sign_in" for ::1 at 2022-07-06 15:58:01 +0300
Processing by Users::SessionsController#new as */*
Completed 200 OK in 2ms (Views: 0.3ms | ActiveRecord: 0.0ms)


Started POST "/users/sign_in" for ::1 at 2022-07-06 15:58:14 +0300
Processing by Users::SessionsController#create as */*
  Parameters: {"user"=>{"email"=>"myemail@email.com", "password"=>"[FILTERED]"}, "session"=>{"user"=>{"email"=>"myemail@email.com", "password"=>"[FILTERED]"}}}
  [1m[36mUser Load (0.7ms)[0m  [1m[34mSELECT  "users".* FROM "users" WHERE "users"."email" = ? ORDER BY "users"."id" ASC LIMIT ?[0m  [["email", "myemail@email.com"], ["LIMIT", 1]]
  ↳ vendor/bundle/ruby/2.7.0/gems/activerecord-5.2.8/lib/active_record/log_subscriber.rb:98
Completed 200 OK in 386ms (Views: 0.3ms | ActiveRecord: 0.7ms)


Started GET "/api/v1/posts" for ::1 at 2022-07-06 15:58:21 +0300
Processing by Api::V1::PostsController#index as */*
  Parameters: {"post"=>{}}
Completed 401 Unauthorized in 1ms (ActiveRecord: 0.0ms)


Started GET "/users/sign_in" for ::1 at 2022-07-06 15:58:21 +0300
Processing by Users::SessionsController#new as */*
Completed 200 OK in 2ms (Views: 0.5ms | ActiveRecord: 0.0ms)


Started POST "/users/sign_in" for ::1 at 2022-07-06 16:02:09 +0300
Processing by Users::SessionsController#create as */*
  Parameters: {"user"=>{"email"=>"myemail@email.com", "password"=>"[FILTERED]"}, "session"=>{"user"=>{"email"=>"myemail@email.com", "password"=>"[FILTERED]"}}}
  [1m[36mUser Load (0.4ms)[0m  [1m[34mSELECT  "users".* FROM "users" WHERE "users"."email" = ? ORDER BY "users"."id" ASC LIMIT ?[0m  [["email", "myemail@email.com"], ["LIMIT", 1]]
  ↳ vendor/bundle/ruby/2.7.0/gems/activerecord-5.2.8/lib/active_record/log_subscriber.rb:98
Completed 200 OK in 363ms (Views: 0.3ms | ActiveRecord: 0.4ms)


Started POST "/users/sign_in" for ::1 at 2022-07-06 16:02:58 +0300
Processing by Users::SessionsController#create as */*
  Parameters: {"user"=>{"email"=>"myemail@email.com", "password"=>"[FILTERED]"}, "session"=>{"user"=>{"email"=>"myemail@email.com", "password"=>"[FILTERED]"}}}
  [1m[36mUser Load (0.5ms)[0m  [1m[34mSELECT  "users".* FROM "users" WHERE "users"."email" = ? ORDER BY "users"."id" ASC LIMIT ?[0m  [["email", "myemail@email.com"], ["LIMIT", 1]]
  ↳ vendor/bundle/ruby/2.7.0/gems/activerecord-5.2.8/lib/active_record/log_subscriber.rb:98
Completed 200 OK in 372ms (Views: 0.3ms | ActiveRecord: 0.5ms)


Started GET "/api/v1/posts" for ::1 at 2022-07-06 16:03:14 +0300
Processing by Api::V1::PostsController#index as */*
Completed 401 Unauthorized in 1ms (ActiveRecord: 0.0ms)


Started GET "/users/sign_in" for ::1 at 2022-07-06 16:03:14 +0300
Processing by Users::SessionsController#new as */*
Completed 200 OK in 2ms (Views: 0.3ms | ActiveRecord: 0.0ms)


Started POST "/users/sign_in" for ::1 at 2022-07-06 16:03:25 +0300
Processing by Users::SessionsController#create as */*
  Parameters: {"user"=>{"email"=>"myemail@email.com", "password"=>"[FILTERED]"}, "session"=>{"user"=>{"email"=>"myemail@email.com", "password"=>"[FILTERED]"}}}
  [1m[36mUser Load (0.7ms)[0m  [1m[34mSELECT  "users".* FROM "users" WHERE "users"."email" = ? ORDER BY "users"."id" ASC LIMIT ?[0m  [["email", "myemail@email.com"], ["LIMIT", 1]]
  ↳ vendor/bundle/ruby/2.7.0/gems/activerecord-5.2.8/lib/active_record/log_subscriber.rb:98
Completed 200 OK in 357ms (Views: 0.4ms | ActiveRecord: 0.7ms)


Started GET "/api/v1/posts" for ::1 at 2022-07-06 16:03:29 +0300
Processing by Api::V1::PostsController#index as */*
Completed 401 Unauthorized in 1ms (ActiveRecord: 0.0ms)


Started GET "/users/sign_in" for ::1 at 2022-07-06 16:03:29 +0300
Processing by Users::SessionsController#new as */*
Completed 200 OK in 2ms (Views: 0.4ms | ActiveRecord: 0.0ms)


Started POST "/users/sign_in" for ::1 at 2022-07-06 16:05:34 +0300
  [1m[35m (0.6ms)[0m  [1m[34mSELECT "schema_migrations"."version" FROM "schema_migrations" ORDER BY "schema_migrations"."version" ASC[0m
  ↳ vendor/bundle/ruby/2.7.0/gems/activerecord-5.2.8/lib/active_record/log_subscriber.rb:98
Processing by Users::SessionsController#create as */*
  Parameters: {"user"=>{"email"=>"myemail@email.com", "password"=>"[FILTERED]"}, "session"=>{"user"=>{"email"=>"myemail@email.com", "password"=>"[FILTERED]"}}}
  [1m[36mUser Load (0.7ms)[0m  [1m[34mSELECT  "users".* FROM "users" WHERE "users"."email" = ? ORDER BY "users"."id" ASC LIMIT ?[0m  [["email", "myemail@email.com"], ["LIMIT", 1]]
  ↳ vendor/bundle/ruby/2.7.0/gems/activerecord-5.2.8/lib/active_record/log_subscriber.rb:98
Completed 200 OK in 425ms (Views: 0.4ms | ActiveRecord: 3.5ms)


Started GET "/api/v1/posts" for ::1 at 2022-07-06 16:05:40 +0300
Processing by Api::V1::PostsController#index as */*
Completed 401 Unauthorized in 1ms (ActiveRecord: 0.0ms)


Started GET "/users/sign_in" for ::1 at 2022-07-06 16:05:40 +0300
Processing by Users::SessionsController#new as */*
Completed 200 OK in 7ms (Views: 1.6ms | ActiveRecord: 0.0ms)


Started GET "/api/v1/posts" for ::1 at 2022-07-06 16:05:44 +0300
Processing by Api::V1::PostsController#index as */*
Completed 401 Unauthorized in 1ms (ActiveRecord: 0.0ms)


Started GET "/users/sign_in" for ::1 at 2022-07-06 16:05:44 +0300
Processing by Users::SessionsController#new as */*
Completed 200 OK in 2ms (Views: 0.5ms | ActiveRecord: 0.0ms)


Started GET "/api/v1/posts" for ::1 at 2022-07-06 16:06:46 +0300
  [1m[35m (0.5ms)[0m  [1m[34mSELECT "schema_migrations"."version" FROM "schema_migrations" ORDER BY "schema_migrations"."version" ASC[0m
  ↳ vendor/bundle/ruby/2.7.0/gems/activerecord-5.2.8/lib/active_record/log_subscriber.rb:98
Processing by Api::V1::PostsController#index as */*
Completed 401 Unauthorized in 5ms (ActiveRecord: 0.0ms)


Started GET "/users/sign_in" for ::1 at 2022-07-06 16:06:46 +0300
Processing by Users::SessionsController#new as */*
Completed 200 OK in 32ms (Views: 0.6ms | ActiveRecord: 2.4ms)


Started GET "/api/v1/posts" for ::1 at 2022-07-06 16:11:45 +0300
  [1m[35m (0.6ms)[0m  [1m[34mSELECT "schema_migrations"."version" FROM "schema_migrations" ORDER BY "schema_migrations"."version" ASC[0m
  ↳ vendor/bundle/ruby/2.7.0/gems/activerecord-5.2.8/lib/active_record/log_subscriber.rb:98
Processing by Api::V1::PostsController#index as */*
Completed 401 Unauthorized in 6ms (ActiveRecord: 0.0ms)


Started GET "/users/sign_in" for ::1 at 2022-07-06 16:11:45 +0300
Processing by Users::SessionsController#new as */*
Completed 200 OK in 41ms (Views: 0.5ms | ActiveRecord: 2.5ms)


Started POST "/users/sign_in" for ::1 at 2022-07-06 16:11:55 +0300
Processing by Users::SessionsController#create as */*
  Parameters: {"user"=>{"email"=>"myemail@email.com", "password"=>"[FILTERED]"}, "session"=>{"user"=>{"email"=>"myemail@email.com", "password"=>"[FILTERED]"}}}
  [1m[36mUser Load (0.7ms)[0m  [1m[34mSELECT  "users".* FROM "users" WHERE "users"."email" = ? ORDER BY "users"."id" ASC LIMIT ?[0m  [["email", "myemail@email.com"], ["LIMIT", 1]]
  ↳ vendor/bundle/ruby/2.7.0/gems/activerecord-5.2.8/lib/active_record/log_subscriber.rb:98
Completed 200 OK in 386ms (Views: 0.3ms | ActiveRecord: 0.7ms)


Started GET "/api/v1/posts" for ::1 at 2022-07-06 16:12:03 +0300
Processing by Api::V1::PostsController#index as */*
Completed 401 Unauthorized in 3ms (ActiveRecord: 0.0ms)


Started GET "/users/sign_in" for ::1 at 2022-07-06 16:12:03 +0300
Processing by Users::SessionsController#new as */*
Completed 200 OK in 7ms (Views: 0.4ms | ActiveRecord: 0.0ms)


Started POST "/users/sign_in" for ::1 at 2022-07-06 16:12:26 +0300
Processing by Users::SessionsController#create as */*
  Parameters: {"user"=>{"email"=>"myemail@email.com", "password"=>"[FILTERED]"}, "session"=>{"user"=>{"email"=>"myemail@email.com", "password"=>"[FILTERED]"}}}
  [1m[36mUser Load (0.5ms)[0m  [1m[34mSELECT  "users".* FROM "users" WHERE "users"."email" = ? ORDER BY "users"."id" ASC LIMIT ?[0m  [["email", "myemail@email.com"], ["LIMIT", 1]]
  ↳ vendor/bundle/ruby/2.7.0/gems/activerecord-5.2.8/lib/active_record/log_subscriber.rb:98
Completed 200 OK in 367ms (Views: 0.5ms | ActiveRecord: 0.5ms)


Started GET "/api/v1/posts" for ::1 at 2022-07-06 16:13:34 +0300
Processing by Api::V1::PostsController#index as */*
Completed 401 Unauthorized in 1ms (ActiveRecord: 0.0ms)


Started GET "/users/sign_in" for ::1 at 2022-07-06 16:13:34 +0300
Processing by Users::SessionsController#new as */*
Completed 200 OK in 6ms (Views: 0.4ms | ActiveRecord: 0.0ms)


Started GET "/api/v1/posts" for ::1 at 2022-07-06 16:13:52 +0300
Processing by Api::V1::PostsController#index as */*
  [1m[36mUser Load (0.6ms)[0m  [1m[34mSELECT  "users".* FROM "users" WHERE "users"."id" = ? LIMIT ?[0m  [["id", 1], ["LIMIT", 1]]
  ↳ vendor/bundle/ruby/2.7.0/gems/activerecord-5.2.8/lib/active_record/log_subscriber.rb:98
  [1m[36mJwtDenylist Exists (1.0ms)[0m  [1m[34mSELECT  1 AS one FROM "jwt_denylist" WHERE "jwt_denylist"."jti" = ? LIMIT ?[0m  [["jti", "cc7cce0e-b410-4b3a-8940-8698c1ef5066"], ["LIMIT", 1]]
  ↳ vendor/bundle/ruby/2.7.0/gems/activerecord-5.2.8/lib/active_record/log_subscriber.rb:98
  [1m[36mApi::V1::Post Load (2.1ms)[0m  [1m[34mSELECT "api_v1_posts".* FROM "api_v1_posts"[0m
  ↳ app/controllers/api/v1/posts_controller.rb:10
Completed 200 OK in 74ms (Views: 13.3ms | ActiveRecord: 6.2ms)


Started POST "/users/sign_in" for ::1 at 2022-07-07 17:36:38 +0300
  [1m[35m (1.6ms)[0m  [1m[34mSELECT "schema_migrations"."version" FROM "schema_migrations" ORDER BY "schema_migrations"."version" ASC[0m
  ↳ vendor/bundle/ruby/2.7.0/gems/activerecord-5.2.8/lib/active_record/log_subscriber.rb:98
Processing by Users::SessionsController#create as */*
  Parameters: {"user"=>{"email"=>"myemail@email.com", "password"=>"[FILTERED]"}, "session"=>{"user"=>{"email"=>"myemail@email.com", "password"=>"[FILTERED]"}}}
  [1m[36mUser Load (0.7ms)[0m  [1m[34mSELECT  "users".* FROM "users" WHERE "users"."email" = ? ORDER BY "users"."id" ASC LIMIT ?[0m  [["email", "myemail@email.com"], ["LIMIT", 1]]
  ↳ vendor/bundle/ruby/2.7.0/gems/activerecord-5.2.8/lib/active_record/log_subscriber.rb:98
Completed 200 OK in 417ms (Views: 0.4ms | ActiveRecord: 2.6ms)


Started GET "/api/v1/posts" for ::1 at 2022-07-07 17:36:47 +0300
Processing by Api::V1::PostsController#index as */*
Completed 401 Unauthorized in 1ms (ActiveRecord: 0.0ms)


Started GET "/users/sign_in" for ::1 at 2022-07-07 17:36:47 +0300
Processing by Users::SessionsController#new as */*
Completed 200 OK in 4ms (Views: 0.7ms | ActiveRecord: 0.0ms)


Started POST "/users/sign_in" for ::1 at 2022-07-07 17:44:23 +0300
  [1m[35m (21.1ms)[0m  [1m[34mSELECT "schema_migrations"."version" FROM "schema_migrations" ORDER BY "schema_migrations"."version" ASC[0m
  ↳ vendor/bundle/ruby/2.7.0/gems/activerecord-5.2.8/lib/active_record/log_subscriber.rb:98
  
ActionController::RoutingError (No route matches [POST] "/users/sign_in"):
  
vendor/bundle/ruby/2.7.0/gems/actionpack-5.2.8/lib/action_dispatch/middleware/debug_exceptions.rb:65:in `call'
vendor/bundle/ruby/2.7.0/gems/actionpack-5.2.8/lib/action_dispatch/middleware/show_exceptions.rb:33:in `call'
vendor/bundle/ruby/2.7.0/gems/railties-5.2.8/lib/rails/rack/logger.rb:38:in `call_app'
vendor/bundle/ruby/2.7.0/gems/railties-5.2.8/lib/rails/rack/logger.rb:26:in `block in call'
vendor/bundle/ruby/2.7.0/gems/activesupport-5.2.8/lib/active_support/tagged_logging.rb:71:in `block in tagged'
vendor/bundle/ruby/2.7.0/gems/activesupport-5.2.8/lib/active_support/tagged_logging.rb:28:in `tagged'
vendor/bundle/ruby/2.7.0/gems/activesupport-5.2.8/lib/active_support/tagged_logging.rb:71:in `tagged'
vendor/bundle/ruby/2.7.0/gems/railties-5.2.8/lib/rails/rack/logger.rb:26:in `call'
vendor/bundle/ruby/2.7.0/gems/actionpack-5.2.8/lib/action_dispatch/middleware/remote_ip.rb:81:in `call'
vendor/bundle/ruby/2.7.0/gems/actionpack-5.2.8/lib/action_dispatch/middleware/request_id.rb:27:in `call'
vendor/bundle/ruby/2.7.0/gems/rack-2.2.4/lib/rack/runtime.rb:22:in `call'
vendor/bundle/ruby/2.7.0/gems/activesupport-5.2.8/lib/active_support/cache/strategy/local_cache_middleware.rb:29:in `call'
vendor/bundle/ruby/2.7.0/gems/actionpack-5.2.8/lib/action_dispatch/middleware/executor.rb:14:in `call'
vendor/bundle/ruby/2.7.0/gems/actionpack-5.2.8/lib/action_dispatch/middleware/static.rb:127:in `call'
vendor/bundle/ruby/2.7.0/gems/rack-2.2.4/lib/rack/sendfile.rb:110:in `call'
vendor/bundle/ruby/2.7.0/gems/rack-cors-1.1.1/lib/rack/cors.rb:100:in `call'
vendor/bundle/ruby/2.7.0/gems/railties-5.2.8/lib/rails/engine.rb:524:in `call'
vendor/bundle/ruby/2.7.0/gems/puma-3.12.6/lib/puma/configuration.rb:227:in `call'
vendor/bundle/ruby/2.7.0/gems/puma-3.12.6/lib/puma/server.rb:706:in `handle_request'
vendor/bundle/ruby/2.7.0/gems/puma-3.12.6/lib/puma/server.rb:476:in `process_client'
vendor/bundle/ruby/2.7.0/gems/puma-3.12.6/lib/puma/server.rb:334:in `block in run'
vendor/bundle/ruby/2.7.0/gems/puma-3.12.6/lib/puma/thread_pool.rb:135:in `block in spawn_thread'
Started POST "/api/users/sign_in" for ::1 at 2022-07-07 17:44:30 +0300
Processing by Users::SessionsController#create as JSON
  Parameters: {"user"=>{"email"=>"myemail@email.com", "password"=>"[FILTERED]"}, "session"=>{"user"=>{"email"=>"myemail@email.com", "password"=>"[FILTERED]"}}}
Completed 401 Unauthorized in 4ms (ActiveRecord: 0.0ms)


Started POST "/api/users/sign_in" for ::1 at 2022-07-07 17:44:45 +0300
Processing by Users::SessionsController#create as JSON
  Parameters: {"user"=>{"email"=>"myemail@email.com", "password"=>"[FILTERED]"}, "session"=>{"user"=>{"email"=>"myemail@email.com", "password"=>"[FILTERED]"}}}
Completed 401 Unauthorized in 1ms (ActiveRecord: 0.0ms)


Started POST "/users/sign_in" for ::1 at 2022-07-07 17:45:18 +0300
  [1m[35m (2.0ms)[0m  [1m[34mSELECT "schema_migrations"."version" FROM "schema_migrations" ORDER BY "schema_migrations"."version" ASC[0m
  ↳ vendor/bundle/ruby/2.7.0/gems/activerecord-5.2.8/lib/active_record/log_subscriber.rb:98
Processing by Users::SessionsController#create as */*
  Parameters: {"user"=>{"email"=>"myemail@email.com", "password"=>"[FILTERED]"}, "session"=>{"user"=>{"email"=>"myemail@email.com", "password"=>"[FILTERED]"}}}
  [1m[36mUser Load (0.5ms)[0m  [1m[34mSELECT  "users".* FROM "users" WHERE "users"."email" = ? ORDER BY "users"."id" ASC LIMIT ?[0m  [["email", "myemail@email.com"], ["LIMIT", 1]]
  ↳ vendor/bundle/ruby/2.7.0/gems/activerecord-5.2.8/lib/active_record/log_subscriber.rb:98
Completed 200 OK in 435ms (Views: 0.4ms | ActiveRecord: 2.5ms)


Started GET "/api/v1/posts" for ::1 at 2022-07-07 17:45:25 +0300
Processing by Api::V1::PostsController#index as JSON
Completed 401 Unauthorized in 1ms (ActiveRecord: 0.0ms)


Started GET "/api/v1/posts" for ::1 at 2022-07-07 17:45:28 +0300
Processing by Api::V1::PostsController#index as JSON
Completed 401 Unauthorized in 4ms (ActiveRecord: 0.0ms)


Started GET "/api/v1/posts" for ::1 at 2022-07-07 17:45:55 +0300
Processing by Api::V1::PostsController#index as JSON
Completed 401 Unauthorized in 3ms (ActiveRecord: 0.0ms)


Started GET "/api/v1/posts" for ::1 at 2022-07-07 17:47:37 +0300
Processing by Api::V1::PostsController#index as JSON
Completed 401 Unauthorized in 1ms (ActiveRecord: 0.0ms)


Started POST "/users/sign_in" for ::1 at 2022-07-07 17:54:28 +0300
  [1m[35m (0.7ms)[0m  [1m[34mSELECT "schema_migrations"."version" FROM "schema_migrations" ORDER BY "schema_migrations"."version" ASC[0m
  ↳ vendor/bundle/ruby/2.7.0/gems/activerecord-5.2.8/lib/active_record/log_subscriber.rb:98
Processing by Users::SessionsController#create as */*
  Parameters: {"user"=>{"email"=>"myemail@email.com", "password"=>"[FILTERED]"}, "session"=>{"user"=>{"email"=>"myemail@email.com", "password"=>"[FILTERED]"}}}
  [1m[36mUser Load (0.6ms)[0m  [1m[34mSELECT  "users".* FROM "users" WHERE "users"."email" = ? ORDER BY "users"."id" ASC LIMIT ?[0m  [["email", "myemail@email.com"], ["LIMIT", 1]]
  ↳ vendor/bundle/ruby/2.7.0/gems/activerecord-5.2.8/lib/active_record/log_subscriber.rb:98
Completed 200 OK in 426ms (Views: 0.5ms | ActiveRecord: 3.1ms)


Started GET "/api/v1/posts" for ::1 at 2022-07-07 17:54:32 +0300
Processing by Api::V1::PostsController#index as JSON
  [1m[36mUser Load (0.6ms)[0m  [1m[34mSELECT  "users".* FROM "users" WHERE "users"."id" = ? LIMIT ?[0m  [["id", 1], ["LIMIT", 1]]
  ↳ vendor/bundle/ruby/2.7.0/gems/activerecord-5.2.8/lib/active_record/log_subscriber.rb:98
  [1m[36mJwtDenylist Exists (1.8ms)[0m  [1m[34mSELECT  1 AS one FROM "jwt_denylist" WHERE "jwt_denylist"."jti" = ? LIMIT ?[0m  [["jti", "0e3a0827-1946-4634-a1a7-61e9cc3d360a"], ["LIMIT", 1]]
  ↳ vendor/bundle/ruby/2.7.0/gems/activerecord-5.2.8/lib/active_record/log_subscriber.rb:98
  [1m[36mApi::V1::Post Load (1.2ms)[0m  [1m[34mSELECT "api_v1_posts".* FROM "api_v1_posts"[0m
  ↳ app/controllers/api/v1/posts_controller.rb:10
Completed 200 OK in 38ms (Views: 4.1ms | ActiveRecord: 10.4ms)


Started GET "/api/v1/posts" for ::1 at 2022-07-07 17:54:51 +0300
Processing by Api::V1::PostsController#index as JSON
  [1m[36mUser Load (1.1ms)[0m  [1m[34mSELECT  "users".* FROM "users" WHERE "users"."id" = ? LIMIT ?[0m  [["id", 1], ["LIMIT", 1]]
  ↳ vendor/bundle/ruby/2.7.0/gems/activerecord-5.2.8/lib/active_record/log_subscriber.rb:98
  [1m[36mJwtDenylist Exists (0.5ms)[0m  [1m[34mSELECT  1 AS one FROM "jwt_denylist" WHERE "jwt_denylist"."jti" = ? LIMIT ?[0m  [["jti", "0e3a0827-1946-4634-a1a7-61e9cc3d360a"], ["LIMIT", 1]]
  ↳ vendor/bundle/ruby/2.7.0/gems/activerecord-5.2.8/lib/active_record/log_subscriber.rb:98
  [1m[36mApi::V1::Post Load (3.4ms)[0m  [1m[34mSELECT "api_v1_posts".* FROM "api_v1_posts"[0m
  ↳ app/controllers/api/v1/posts_controller.rb:10
Completed 200 OK in 16ms (Views: 1.7ms | ActiveRecord: 5.0ms)


Started POST "/users" for ::1 at 2022-07-07 18:04:47 +0300
Processing by Users::RegistrationsController#create as */*
  Parameters: {"user"=>{"email"=>"12345@email.com", "password"=>"[FILTERED]"}, "registration"=>{"user"=>{"email"=>"12345@email.com", "password"=>"[FILTERED]"}}}
  [1m[35m (0.1ms)[0m  [1m[36mbegin transaction[0m
  ↳ vendor/bundle/ruby/2.7.0/gems/activerecord-5.2.8/lib/active_record/log_subscriber.rb:98
  [1m[36mUser Create (1.9ms)[0m  [1m[32mINSERT INTO "users" ("email", "encrypted_password", "created_at", "updated_at") VALUES (?, ?, ?, ?)[0m  [["email", "12345@email.com"], ["encrypted_password", "$2a$12$PE4EuT8vet0yHo91fOlwmOGVRpMhpsEzbue5CN.HUAjq80KBEyxOy"], ["created_at", "2022-07-07 15:04:48.148552"], ["updated_at", "2022-07-07 15:04:48.148552"]]
  ↳ vendor/bundle/ruby/2.7.0/gems/activerecord-5.2.8/lib/active_record/log_subscriber.rb:98
  [1m[35m (7.4ms)[0m  [1m[36mcommit transaction[0m
  ↳ vendor/bundle/ruby/2.7.0/gems/activerecord-5.2.8/lib/active_record/log_subscriber.rb:98
Completed 200 OK in 397ms (Views: 0.6ms | ActiveRecord: 9.5ms)


Started POST "/users/sign_in" for ::1 at 2022-07-07 18:07:12 +0300
Processing by Users::SessionsController#create as */*
  Parameters: {"user"=>{"email"=>"12345@email.com", "password"=>"[FILTERED]"}, "session"=>{"user"=>{"email"=>"12345@email.com", "password"=>"[FILTERED]"}}}
  [1m[36mUser Load (0.6ms)[0m  [1m[34mSELECT  "users".* FROM "users" WHERE "users"."id" = ? LIMIT ?[0m  [["id", 2], ["LIMIT", 1]]
  ↳ vendor/bundle/ruby/2.7.0/gems/activerecord-5.2.8/lib/active_record/log_subscriber.rb:98
  [1m[36mJwtDenylist Exists (0.5ms)[0m  [1m[34mSELECT  1 AS one FROM "jwt_denylist" WHERE "jwt_denylist"."jti" = ? LIMIT ?[0m  [["jti", "2b83200f-79d4-403d-a48a-cfbee014e9fe"], ["LIMIT", 1]]
  ↳ vendor/bundle/ruby/2.7.0/gems/activerecord-5.2.8/lib/active_record/log_subscriber.rb:98
Completed 200 OK in 10ms (Views: 0.4ms | ActiveRecord: 1.2ms)


Started POST "/users/sign_in" for ::1 at 2022-07-07 18:09:38 +0300
Processing by Users::SessionsController#create as */*
  Parameters: {"user"=>{"email"=>"12345@email.com", "password"=>"[FILTERED]"}, "session"=>{"user"=>{"email"=>"12345@email.com", "password"=>"[FILTERED]"}}}
  [1m[36mUser Load (0.3ms)[0m  [1m[34mSELECT  "users".* FROM "users" WHERE "users"."id" = ? LIMIT ?[0m  [["id", 2], ["LIMIT", 1]]
  ↳ vendor/bundle/ruby/2.7.0/gems/activerecord-5.2.8/lib/active_record/log_subscriber.rb:98
  [1m[36mJwtDenylist Exists (0.5ms)[0m  [1m[34mSELECT  1 AS one FROM "jwt_denylist" WHERE "jwt_denylist"."jti" = ? LIMIT ?[0m  [["jti", "c508e705-0c5d-4dee-97d8-7777fb586bd2"], ["LIMIT", 1]]
  ↳ vendor/bundle/ruby/2.7.0/gems/activerecord-5.2.8/lib/active_record/log_subscriber.rb:98
Completed 200 OK in 8ms (Views: 0.4ms | ActiveRecord: 0.8ms)


Started POST "/api/v1/posts" for ::1 at 2022-07-07 18:11:35 +0300
Processing by Api::V1::PostsController#create as JSON
  Parameters: {"user"=>{"email"=>"12345@email.com", "password"=>"[FILTERED]"}, "post"=>{}}
  [1m[36mUser Load (0.4ms)[0m  [1m[34mSELECT  "users".* FROM "users" WHERE "users"."id" = ? LIMIT ?[0m  [["id", 2], ["LIMIT", 1]]
  ↳ vendor/bundle/ruby/2.7.0/gems/activerecord-5.2.8/lib/active_record/log_subscriber.rb:98
  [1m[36mJwtDenylist Exists (0.5ms)[0m  [1m[34mSELECT  1 AS one FROM "jwt_denylist" WHERE "jwt_denylist"."jti" = ? LIMIT ?[0m  [["jti", "c7c2bcaf-7a45-4f71-9d58-8bae944ea299"], ["LIMIT", 1]]
  ↳ vendor/bundle/ruby/2.7.0/gems/activerecord-5.2.8/lib/active_record/log_subscriber.rb:98
Completed 400 Bad Request in 10ms (ActiveRecord: 1.5ms)


  
ActionController::ParameterMissing (param is missing or the value is empty: api_v1_post):
  
app/controllers/api/v1/posts_controller.rb:51:in `api_v1_post_params'
app/controllers/api/v1/posts_controller.rb:20:in `create'
Started POST "/api/v1/posts" for ::1 at 2022-07-07 18:13:17 +0300
Processing by Api::V1::PostsController#create as JSON
  Parameters: {"api_v1_post"=>{"title"=>"Lorem", "content"=>"Lorem ipsum dolor"}, "post"=>{}}
  [1m[36mUser Load (0.4ms)[0m  [1m[34mSELECT  "users".* FROM "users" WHERE "users"."id" = ? LIMIT ?[0m  [["id", 2], ["LIMIT", 1]]
  ↳ vendor/bundle/ruby/2.7.0/gems/activerecord-5.2.8/lib/active_record/log_subscriber.rb:98
  [1m[36mJwtDenylist Exists (0.5ms)[0m  [1m[34mSELECT  1 AS one FROM "jwt_denylist" WHERE "jwt_denylist"."jti" = ? LIMIT ?[0m  [["jti", "c7c2bcaf-7a45-4f71-9d58-8bae944ea299"], ["LIMIT", 1]]
  ↳ vendor/bundle/ruby/2.7.0/gems/activerecord-5.2.8/lib/active_record/log_subscriber.rb:98
  [1m[35m (0.2ms)[0m  [1m[36mbegin transaction[0m
  ↳ app/controllers/api/v1/posts_controller.rb:22
  [1m[36mApi::V1::Post Create (1.1ms)[0m  [1m[32mINSERT INTO "api_v1_posts" ("title", "content", "created_at", "updated_at") VALUES (?, ?, ?, ?)[0m  [["title", "Lorem"], ["content", "Lorem ipsum dolor"], ["created_at", "2022-07-07 15:13:17.581127"], ["updated_at", "2022-07-07 15:13:17.581127"]]
  ↳ app/controllers/api/v1/posts_controller.rb:22
  [1m[35m (5.9ms)[0m  [1m[36mcommit transaction[0m
  ↳ app/controllers/api/v1/posts_controller.rb:22
Completed 201 Created in 52ms (Views: 2.5ms | ActiveRecord: 9.4ms)


Started POST "/api/v1/posts" for ::1 at 2022-07-07 18:14:31 +0300
Processing by Api::V1::PostsController#create as JSON
  Parameters: {"api_v1_post"=>{"title"=>"Lorem", "content"=>"Lorem ipsum dolor"}, "post"=>{}}
  [1m[36mUser Load (0.4ms)[0m  [1m[34mSELECT  "users".* FROM "users" WHERE "users"."id" = ? LIMIT ?[0m  [["id", 2], ["LIMIT", 1]]
  ↳ vendor/bundle/ruby/2.7.0/gems/activerecord-5.2.8/lib/active_record/log_subscriber.rb:98
  [1m[36mJwtDenylist Exists (0.8ms)[0m  [1m[34mSELECT  1 AS one FROM "jwt_denylist" WHERE "jwt_denylist"."jti" = ? LIMIT ?[0m  [["jti", "c7c2bcaf-7a45-4f71-9d58-8bae944ea299"], ["LIMIT", 1]]
  ↳ vendor/bundle/ruby/2.7.0/gems/activerecord-5.2.8/lib/active_record/log_subscriber.rb:98
  [1m[35m (0.2ms)[0m  [1m[36mbegin transaction[0m
  ↳ app/controllers/api/v1/posts_controller.rb:22
  [1m[36mApi::V1::Post Create (0.9ms)[0m  [1m[32mINSERT INTO "api_v1_posts" ("title", "content", "created_at", "updated_at") VALUES (?, ?, ?, ?)[0m  [["title", "Lorem"], ["content", "Lorem ipsum dolor"], ["created_at", "2022-07-07 15:14:31.662983"], ["updated_at", "2022-07-07 15:14:31.662983"]]
  ↳ app/controllers/api/v1/posts_controller.rb:22
  [1m[35m (6.3ms)[0m  [1m[36mcommit transaction[0m
  ↳ app/controllers/api/v1/posts_controller.rb:22
Completed 201 Created in 28ms (Views: 1.2ms | ActiveRecord: 8.6ms)


Started GET "/api/v1/posts" for ::1 at 2022-07-07 18:16:04 +0300
Processing by Api::V1::PostsController#index as JSON
  [1m[36mUser Load (0.3ms)[0m  [1m[34mSELECT  "users".* FROM "users" WHERE "users"."id" = ? LIMIT ?[0m  [["id", 2], ["LIMIT", 1]]
  ↳ vendor/bundle/ruby/2.7.0/gems/activerecord-5.2.8/lib/active_record/log_subscriber.rb:98
  [1m[36mJwtDenylist Exists (0.5ms)[0m  [1m[34mSELECT  1 AS one FROM "jwt_denylist" WHERE "jwt_denylist"."jti" = ? LIMIT ?[0m  [["jti", "c7c2bcaf-7a45-4f71-9d58-8bae944ea299"], ["LIMIT", 1]]
  ↳ vendor/bundle/ruby/2.7.0/gems/activerecord-5.2.8/lib/active_record/log_subscriber.rb:98
  [1m[36mApi::V1::Post Load (0.6ms)[0m  [1m[34mSELECT "api_v1_posts".* FROM "api_v1_posts"[0m
  ↳ app/controllers/api/v1/posts_controller.rb:10
Completed 200 OK in 14ms (Views: 3.4ms | ActiveRecord: 1.4ms)


Started DELETE "/users/sign_out" for ::1 at 2022-07-07 18:17:19 +0300
Processing by Users::SessionsController#destroy as */*
  [1m[36mUser Load (0.4ms)[0m  [1m[34mSELECT  "users".* FROM "users" WHERE "users"."id" = ? LIMIT ?[0m  [["id", 2], ["LIMIT", 1]]
  ↳ app/controllers/users/sessions_controller.rb:10
  [1m[36mJwtDenylist Exists (0.5ms)[0m  [1m[34mSELECT  1 AS one FROM "jwt_denylist" WHERE "jwt_denylist"."jti" = ? LIMIT ?[0m  [["jti", "c7c2bcaf-7a45-4f71-9d58-8bae944ea299"], ["LIMIT", 1]]
  ↳ app/controllers/users/sessions_controller.rb:10
Filter chain halted as :verify_signed_out_user rendered or redirected
Completed 200 OK in 9ms (Views: 0.4ms | ActiveRecord: 0.8ms)


